18-Jul-2024 11:25:35.212 INFO [main] org.apache.catalina.startup.VersionLoggerListener.log Server version name:   Apache Tomcat/10.1.9
18-Jul-2024 11:25:35.216 INFO [main] org.apache.catalina.startup.VersionLoggerListener.log Server built:          May 9 2023 14:30:05 UTC
18-Jul-2024 11:25:35.217 INFO [main] org.apache.catalina.startup.VersionLoggerListener.log Server version number: 10.1.9.0
18-Jul-2024 11:25:35.217 INFO [main] org.apache.catalina.startup.VersionLoggerListener.log OS Name:               Windows 10
18-Jul-2024 11:25:35.217 INFO [main] org.apache.catalina.startup.VersionLoggerListener.log OS Version:            10.0
18-Jul-2024 11:25:35.217 INFO [main] org.apache.catalina.startup.VersionLoggerListener.log Architecture:          amd64
18-Jul-2024 11:25:35.217 INFO [main] org.apache.catalina.startup.VersionLoggerListener.log Java Home:             C:\Program Files\Java\jdk-17
18-Jul-2024 11:25:35.217 INFO [main] org.apache.catalina.startup.VersionLoggerListener.log JVM Version:           17.0.12+8-LTS-286
18-Jul-2024 11:25:35.217 INFO [main] org.apache.catalina.startup.VersionLoggerListener.log JVM Vendor:            Oracle Corporation
18-Jul-2024 11:25:35.217 INFO [main] org.apache.catalina.startup.VersionLoggerListener.log CATALINA_BASE:         E:\Waggle\waggleserver\Tomcat_10.1
18-Jul-2024 11:25:35.218 INFO [main] org.apache.catalina.startup.VersionLoggerListener.log CATALINA_HOME:         E:\Waggle\waggleserver\Tomcat_10.1
18-Jul-2024 11:25:35.232 INFO [main] org.apache.catalina.startup.VersionLoggerListener.log Command line argument: -Djava.util.logging.config.file=E:\Waggle\waggleserver\Tomcat_10.1\conf\logging.properties
18-Jul-2024 11:25:35.232 INFO [main] org.apache.catalina.startup.VersionLoggerListener.log Command line argument: -Djava.util.logging.manager=org.apache.juli.ClassLoaderLogManager
18-Jul-2024 11:25:35.232 INFO [main] org.apache.catalina.startup.VersionLoggerListener.log Command line argument: -Djdk.tls.ephemeralDHKeySize=2048
18-Jul-2024 11:25:35.232 INFO [main] org.apache.catalina.startup.VersionLoggerListener.log Command line argument: -Djava.protocol.handler.pkgs=org.apache.catalina.webresources
18-Jul-2024 11:25:35.233 INFO [main] org.apache.catalina.startup.VersionLoggerListener.log Command line argument: --add-opens=java.base/java.lang=ALL-UNNAMED
18-Jul-2024 11:25:35.233 INFO [main] org.apache.catalina.startup.VersionLoggerListener.log Command line argument: --add-opens=java.base/java.io=ALL-UNNAMED
18-Jul-2024 11:25:35.233 INFO [main] org.apache.catalina.startup.VersionLoggerListener.log Command line argument: --add-opens=java.base/java.util=ALL-UNNAMED
18-Jul-2024 11:25:35.233 INFO [main] org.apache.catalina.startup.VersionLoggerListener.log Command line argument: --add-opens=java.base/java.util.concurrent=ALL-UNNAMED
18-Jul-2024 11:25:35.234 INFO [main] org.apache.catalina.startup.VersionLoggerListener.log Command line argument: --add-opens=java.rmi/sun.rmi.transport=ALL-UNNAMED
18-Jul-2024 11:25:35.234 INFO [main] org.apache.catalina.startup.VersionLoggerListener.log Command line argument: -Dcatalina.base=E:\Waggle\waggleserver\Tomcat_10.1
18-Jul-2024 11:25:35.234 INFO [main] org.apache.catalina.startup.VersionLoggerListener.log Command line argument: -Dcatalina.home=E:\Waggle\waggleserver\Tomcat_10.1
18-Jul-2024 11:25:35.234 INFO [main] org.apache.catalina.startup.VersionLoggerListener.log Command line argument: -Djava.io.tmpdir=E:\Waggle\waggleserver\Tomcat_10.1\temp
18-Jul-2024 11:25:35.244 INFO [main] org.apache.catalina.core.AprLifecycleListener.lifecycleEvent The Apache Tomcat Native library which allows using OpenSSL was not found on the java.library.path: [C:\Program Files\Java\jdk-17\bin;C:\Windows\Sun\Java\bin;C:\Windows\system32;C:\Windows;C:\Program Files\Common Files\Oracle\Java\javapath;C:\Program Files\Python39\Scripts\;C:\Program Files\Python39\;C:\Program Files\Python37\Scripts\;C:\Program Files\Python37\;C:\Windows\system32;C:\Windows;C:\Windows\System32\Wbem;C:\Windows\System32\WindowsPowerShell\v1.0\;C:\Windows\System32\OpenSSH\;C:\flutter\bin\;C:\Program Files\dotnet\;C:\Program Files\Java\jdk-19\bin;C:\Windows\System32\WindowsPowerShell\v1.0;C:\Program Files\Java\jdk1.8.0_202\bin;C:\Program Files\MySQL\MySQL Server 5.7\bin;C:\apache-maven-3.9.6\bin;C:\Program Files\PuTTY\;C:\Users\Asus\AppData\Roaming\nvm;C:\Program Files\nodejs;C:\Program Files\MySQL\MySQL Shell 8.0\bin\;C:\Users\Asus\AppData\Local\Programs\Python\Python39\Scripts\;C:\Users\Asus\AppData\Local\Programs\Python\Python39\;C:\Users\Asus\AppData\Local\Microsoft\WindowsApps;C:\flutter\bin;C:\Users\Asus\.dotnet\tools;C:\Users\Asus\AppData\Local\Programs\Microsoft VS Code\bin;C:\Users\Asus\AppData\Roaming\nvm;C:\Program Files\nodejs;C:\Program Files\MySQL\MySQL Server 8.0\bin;C:\Users\Asus\AppData\Local\GitHubDesktop\bin;.]
18-Jul-2024 11:25:35.459 INFO [main] org.apache.coyote.AbstractProtocol.init Initializing ProtocolHandler ["http-nio-8282"]
18-Jul-2024 11:25:35.487 INFO [main] org.apache.catalina.startup.Catalina.load Server initialization in [449] milliseconds
18-Jul-2024 11:25:35.530 INFO [main] org.apache.catalina.core.StandardService.startInternal Starting service [Catalina]
18-Jul-2024 11:25:35.530 INFO [main] org.apache.catalina.core.StandardEngine.startInternal Starting Servlet engine: [Apache Tomcat/10.1.9]
18-Jul-2024 11:25:35.546 INFO [main] org.apache.catalina.startup.HostConfig.deployDescriptor Deploying deployment descriptor [E:\Waggle\waggleserver\Tomcat_10.1\conf\Catalina\localhost\inventory.xml]
18-Jul-2024 11:25:35.560 WARNING [main] org.apache.catalina.startup.HostConfig.deployDescriptor The path attribute with value [/inventory] in deployment descriptor [E:\Waggle\waggleserver\Tomcat_10.1\conf\Catalina\localhost\inventory.xml] has been ignored
18-Jul-2024 11:25:40.205 INFO [main] org.apache.jasper.servlet.TldScanner.scanJars At least one JAR was scanned for TLDs yet contained no TLDs. Enable debug logging for this logger for a complete list of JARs that were scanned but no TLDs were found in them. Skipping unneeded JARs during scanning can improve startup time and JSP compilation time.
18-Jul-2024 11:25:40.782 WARNING [main] org.glassfish.jersey.server.wadl.WadlFeature.configure JAXBContext implementation could not be found. WADL feature is disabled.
18-Jul-2024 11:25:41.920 INFO [main] org.apache.catalina.startup.HostConfig.deployDescriptor Deployment of deployment descriptor [E:\Waggle\waggleserver\Tomcat_10.1\conf\Catalina\localhost\inventory.xml] has finished in [6,374] ms
18-Jul-2024 11:25:41.920 INFO [main] org.apache.catalina.startup.HostConfig.deployDescriptor Deploying deployment descriptor [E:\Waggle\waggleserver\Tomcat_10.1\conf\Catalina\localhost\waggle.xml]
18-Jul-2024 11:25:41.922 WARNING [main] org.apache.catalina.startup.HostConfig.deployDescriptor The path attribute with value [/waggle] in deployment descriptor [E:\Waggle\waggleserver\Tomcat_10.1\conf\Catalina\localhost\waggle.xml] has been ignored
18-Jul-2024 11:25:45.660 INFO [main] org.apache.jasper.servlet.TldScanner.scanJars At least one JAR was scanned for TLDs yet contained no TLDs. Enable debug logging for this logger for a complete list of JARs that were scanned but no TLDs were found in them. Skipping unneeded JARs during scanning can improve startup time and JSP compilation time.
18-Jul-2024 11:25:46.001 WARNING [main] org.glassfish.jersey.server.wadl.WadlFeature.configure JAXBContext implementation could not be found. WADL feature is disabled.
18-Jul-2024 11:25:46.548 INFO [main] org.apache.catalina.startup.HostConfig.deployDescriptor Deployment of deployment descriptor [E:\Waggle\waggleserver\Tomcat_10.1\conf\Catalina\localhost\waggle.xml] has finished in [4,628] ms
18-Jul-2024 11:25:46.548 INFO [main] org.apache.catalina.startup.HostConfig.deployDirectory Deploying web application directory [E:\Waggle\waggleserver\Tomcat_10.1\webapps\docs]
18-Jul-2024 11:25:46.636 INFO [main] org.apache.jasper.servlet.TldScanner.scanJars At least one JAR was scanned for TLDs yet contained no TLDs. Enable debug logging for this logger for a complete list of JARs that were scanned but no TLDs were found in them. Skipping unneeded JARs during scanning can improve startup time and JSP compilation time.
18-Jul-2024 11:25:46.638 INFO [main] org.apache.catalina.startup.HostConfig.deployDirectory Deployment of web application directory [E:\Waggle\waggleserver\Tomcat_10.1\webapps\docs] has finished in [90] ms
18-Jul-2024 11:25:46.638 INFO [main] org.apache.catalina.startup.HostConfig.deployDirectory Deploying web application directory [E:\Waggle\waggleserver\Tomcat_10.1\webapps\manager]
18-Jul-2024 11:25:46.763 INFO [main] org.apache.jasper.servlet.TldScanner.scanJars At least one JAR was scanned for TLDs yet contained no TLDs. Enable debug logging for this logger for a complete list of JARs that were scanned but no TLDs were found in them. Skipping unneeded JARs during scanning can improve startup time and JSP compilation time.
18-Jul-2024 11:25:46.771 INFO [main] org.apache.catalina.startup.HostConfig.deployDirectory Deployment of web application directory [E:\Waggle\waggleserver\Tomcat_10.1\webapps\manager] has finished in [133] ms
18-Jul-2024 11:25:46.771 INFO [main] org.apache.catalina.startup.HostConfig.deployDirectory Deploying web application directory [E:\Waggle\waggleserver\Tomcat_10.1\webapps\ROOT]
18-Jul-2024 11:25:46.843 INFO [main] org.apache.jasper.servlet.TldScanner.scanJars At least one JAR was scanned for TLDs yet contained no TLDs. Enable debug logging for this logger for a complete list of JARs that were scanned but no TLDs were found in them. Skipping unneeded JARs during scanning can improve startup time and JSP compilation time.
18-Jul-2024 11:25:46.845 INFO [main] org.apache.catalina.startup.HostConfig.deployDirectory Deployment of web application directory [E:\Waggle\waggleserver\Tomcat_10.1\webapps\ROOT] has finished in [74] ms
18-Jul-2024 11:25:46.849 INFO [main] org.apache.coyote.AbstractProtocol.start Starting ProtocolHandler ["http-nio-8282"]
18-Jul-2024 11:25:46.918 INFO [main] org.apache.catalina.startup.Catalina.start Server startup in [11435] milliseconds
