23-Jul-2024 09:50:57.669 INFO [main] org.apache.catalina.startup.VersionLoggerListener.log Server version name:   Apache Tomcat/10.1.9
23-Jul-2024 09:50:57.686 INFO [main] org.apache.catalina.startup.VersionLoggerListener.log Server built:          May 9 2023 14:30:05 UTC
23-Jul-2024 09:50:57.686 INFO [main] org.apache.catalina.startup.VersionLoggerListener.log Server version number: 10.1.9.0
23-Jul-2024 09:50:57.686 INFO [main] org.apache.catalina.startup.VersionLoggerListener.log OS Name:               Windows 10
23-Jul-2024 09:50:57.686 INFO [main] org.apache.catalina.startup.VersionLoggerListener.log OS Version:            10.0
23-Jul-2024 09:50:57.686 INFO [main] org.apache.catalina.startup.VersionLoggerListener.log Architecture:          amd64
23-Jul-2024 09:50:57.686 INFO [main] org.apache.catalina.startup.VersionLoggerListener.log Java Home:             C:\Program Files\Java\jdk-17
23-Jul-2024 09:50:57.686 INFO [main] org.apache.catalina.startup.VersionLoggerListener.log JVM Version:           17.0.12+8-LTS-286
23-Jul-2024 09:50:57.686 INFO [main] org.apache.catalina.startup.VersionLoggerListener.log JVM Vendor:            Oracle Corporation
23-Jul-2024 09:50:57.686 INFO [main] org.apache.catalina.startup.VersionLoggerListener.log CATALINA_BASE:         E:\Waggle\waggleserver\Tomcat_10.1
23-Jul-2024 09:50:57.686 INFO [main] org.apache.catalina.startup.VersionLoggerListener.log CATALINA_HOME:         E:\Waggle\waggleserver\Tomcat_10.1
23-Jul-2024 09:50:57.702 INFO [main] org.apache.catalina.startup.VersionLoggerListener.log Command line argument: -Djava.util.logging.config.file=E:\Waggle\waggleserver\Tomcat_10.1\conf\logging.properties
23-Jul-2024 09:50:57.702 INFO [main] org.apache.catalina.startup.VersionLoggerListener.log Command line argument: -Djava.util.logging.manager=org.apache.juli.ClassLoaderLogManager
23-Jul-2024 09:50:57.702 INFO [main] org.apache.catalina.startup.VersionLoggerListener.log Command line argument: -Djdk.tls.ephemeralDHKeySize=2048
23-Jul-2024 09:50:57.702 INFO [main] org.apache.catalina.startup.VersionLoggerListener.log Command line argument: -Djava.protocol.handler.pkgs=org.apache.catalina.webresources
23-Jul-2024 09:50:57.702 INFO [main] org.apache.catalina.startup.VersionLoggerListener.log Command line argument: --add-opens=java.base/java.lang=ALL-UNNAMED
23-Jul-2024 09:50:57.702 INFO [main] org.apache.catalina.startup.VersionLoggerListener.log Command line argument: --add-opens=java.base/java.io=ALL-UNNAMED
23-Jul-2024 09:50:57.702 INFO [main] org.apache.catalina.startup.VersionLoggerListener.log Command line argument: --add-opens=java.base/java.util=ALL-UNNAMED
23-Jul-2024 09:50:57.702 INFO [main] org.apache.catalina.startup.VersionLoggerListener.log Command line argument: --add-opens=java.base/java.util.concurrent=ALL-UNNAMED
23-Jul-2024 09:50:57.702 INFO [main] org.apache.catalina.startup.VersionLoggerListener.log Command line argument: --add-opens=java.rmi/sun.rmi.transport=ALL-UNNAMED
23-Jul-2024 09:50:57.702 INFO [main] org.apache.catalina.startup.VersionLoggerListener.log Command line argument: -Dcatalina.base=E:\Waggle\waggleserver\Tomcat_10.1
23-Jul-2024 09:50:57.702 INFO [main] org.apache.catalina.startup.VersionLoggerListener.log Command line argument: -Dcatalina.home=E:\Waggle\waggleserver\Tomcat_10.1
23-Jul-2024 09:50:57.702 INFO [main] org.apache.catalina.startup.VersionLoggerListener.log Command line argument: -Djava.io.tmpdir=E:\Waggle\waggleserver\Tomcat_10.1\temp
23-Jul-2024 09:50:57.702 INFO [main] org.apache.catalina.core.AprLifecycleListener.lifecycleEvent The Apache Tomcat Native library which allows using OpenSSL was not found on the java.library.path: [C:\Program Files\Java\jdk-17\bin;C:\Windows\Sun\Java\bin;C:\Windows\system32;C:\Windows;C:\Program Files\Common Files\Oracle\Java\javapath;C:\Program Files\Python39\Scripts\;C:\Program Files\Python39\;C:\Program Files\Python37\Scripts\;C:\Program Files\Python37\;C:\Windows\system32;C:\Windows;C:\Windows\System32\Wbem;C:\Windows\System32\WindowsPowerShell\v1.0\;C:\Windows\System32\OpenSSH\;C:\flutter\bin\;C:\Program Files\dotnet\;C:\Program Files\Java\jdk-19\bin;C:\Windows\System32\WindowsPowerShell\v1.0;C:\Program Files\Java\jdk1.8.0_202\bin;C:\Program Files\MySQL\MySQL Server 5.7\bin;C:\apache-maven-3.9.6\bin;C:\Program Files\PuTTY\;C:\Users\Asus\AppData\Roaming\nvm;C:\Program Files\nodejs;C:\Program Files\Git\cmd;C:\Program Files\MySQL\MySQL Shell 8.0\bin\;C:\Users\Asus\AppData\Local\Programs\Python\Python39\Scripts\;C:\Users\Asus\AppData\Local\Programs\Python\Python39\;C:\Users\Asus\AppData\Local\Microsoft\WindowsApps;C:\flutter\bin;C:\Users\Asus\.dotnet\tools;C:\Users\Asus\AppData\Local\Programs\Microsoft VS Code\bin;C:\Users\Asus\AppData\Roaming\nvm;C:\Program Files\nodejs;C:\Program Files\MySQL\MySQL Server 8.0\bin;C:\Users\Asus\AppData\Local\GitHubDesktop\bin;.]
23-Jul-2024 09:50:57.917 INFO [main] org.apache.coyote.AbstractProtocol.init Initializing ProtocolHandler ["http-nio-8282"]
23-Jul-2024 09:50:57.948 INFO [main] org.apache.catalina.startup.Catalina.load Server initialization in [450] milliseconds
23-Jul-2024 09:50:57.986 INFO [main] org.apache.catalina.core.StandardService.startInternal Starting service [Catalina]
23-Jul-2024 09:50:57.986 INFO [main] org.apache.catalina.core.StandardEngine.startInternal Starting Servlet engine: [Apache Tomcat/10.1.9]
23-Jul-2024 09:50:58.017 INFO [main] org.apache.catalina.startup.HostConfig.deployDescriptor Deploying deployment descriptor [E:\Waggle\waggleserver\Tomcat_10.1\conf\Catalina\localhost\inventory.xml]
23-Jul-2024 09:50:58.033 WARNING [main] org.apache.catalina.startup.HostConfig.deployDescriptor The path attribute with value [/inventory] in deployment descriptor [E:\Waggle\waggleserver\Tomcat_10.1\conf\Catalina\localhost\inventory.xml] has been ignored
23-Jul-2024 09:51:00.871 INFO [main] org.apache.jasper.servlet.TldScanner.scanJars At least one JAR was scanned for TLDs yet contained no TLDs. Enable debug logging for this logger for a complete list of JARs that were scanned but no TLDs were found in them. Skipping unneeded JARs during scanning can improve startup time and JSP compilation time.
23-Jul-2024 09:51:01.325 WARNING [main] org.glassfish.jersey.server.wadl.WadlFeature.configure JAXBContext implementation could not be found. WADL feature is disabled.
23-Jul-2024 09:51:02.328 INFO [main] org.apache.catalina.startup.HostConfig.deployDescriptor Deployment of deployment descriptor [E:\Waggle\waggleserver\Tomcat_10.1\conf\Catalina\localhost\inventory.xml] has finished in [4,311] ms
23-Jul-2024 09:51:02.328 INFO [main] org.apache.catalina.startup.HostConfig.deployDescriptor Deploying deployment descriptor [E:\Waggle\waggleserver\Tomcat_10.1\conf\Catalina\localhost\waggle.xml]
23-Jul-2024 09:51:02.328 WARNING [main] org.apache.catalina.startup.HostConfig.deployDescriptor The path attribute with value [/waggle] in deployment descriptor [E:\Waggle\waggleserver\Tomcat_10.1\conf\Catalina\localhost\waggle.xml] has been ignored
23-Jul-2024 09:51:04.486 INFO [main] org.apache.jasper.servlet.TldScanner.scanJars At least one JAR was scanned for TLDs yet contained no TLDs. Enable debug logging for this logger for a complete list of JARs that were scanned but no TLDs were found in them. Skipping unneeded JARs during scanning can improve startup time and JSP compilation time.
23-Jul-2024 09:51:04.787 WARNING [main] org.glassfish.jersey.server.wadl.WadlFeature.configure JAXBContext implementation could not be found. WADL feature is disabled.
23-Jul-2024 09:51:05.351 INFO [main] org.apache.catalina.startup.HostConfig.deployDescriptor Deployment of deployment descriptor [E:\Waggle\waggleserver\Tomcat_10.1\conf\Catalina\localhost\waggle.xml] has finished in [3,023] ms
23-Jul-2024 09:51:05.351 INFO [main] org.apache.catalina.startup.HostConfig.deployDirectory Deploying web application directory [E:\Waggle\waggleserver\Tomcat_10.1\webapps\docs]
23-Jul-2024 09:51:05.552 INFO [main] org.apache.jasper.servlet.TldScanner.scanJars At least one JAR was scanned for TLDs yet contained no TLDs. Enable debug logging for this logger for a complete list of JARs that were scanned but no TLDs were found in them. Skipping unneeded JARs during scanning can improve startup time and JSP compilation time.
23-Jul-2024 09:51:05.567 INFO [main] org.apache.catalina.startup.HostConfig.deployDirectory Deployment of web application directory [E:\Waggle\waggleserver\Tomcat_10.1\webapps\docs] has finished in [201] ms
23-Jul-2024 09:51:05.567 INFO [main] org.apache.catalina.startup.HostConfig.deployDirectory Deploying web application directory [E:\Waggle\waggleserver\Tomcat_10.1\webapps\manager]
23-Jul-2024 09:51:05.806 INFO [main] org.apache.jasper.servlet.TldScanner.scanJars At least one JAR was scanned for TLDs yet contained no TLDs. Enable debug logging for this logger for a complete list of JARs that were scanned but no TLDs were found in them. Skipping unneeded JARs during scanning can improve startup time and JSP compilation time.
23-Jul-2024 09:51:05.853 INFO [main] org.apache.catalina.startup.HostConfig.deployDirectory Deployment of web application directory [E:\Waggle\waggleserver\Tomcat_10.1\webapps\manager] has finished in [286] ms
23-Jul-2024 09:51:05.853 INFO [main] org.apache.catalina.startup.HostConfig.deployDirectory Deploying web application directory [E:\Waggle\waggleserver\Tomcat_10.1\webapps\ROOT]
23-Jul-2024 09:51:06.053 INFO [main] org.apache.jasper.servlet.TldScanner.scanJars At least one JAR was scanned for TLDs yet contained no TLDs. Enable debug logging for this logger for a complete list of JARs that were scanned but no TLDs were found in them. Skipping unneeded JARs during scanning can improve startup time and JSP compilation time.
23-Jul-2024 09:51:06.053 INFO [main] org.apache.catalina.startup.HostConfig.deployDirectory Deployment of web application directory [E:\Waggle\waggleserver\Tomcat_10.1\webapps\ROOT] has finished in [200] ms
23-Jul-2024 09:51:06.053 INFO [main] org.apache.coyote.AbstractProtocol.start Starting ProtocolHandler ["http-nio-8282"]
23-Jul-2024 09:51:06.169 INFO [main] org.apache.catalina.startup.Catalina.start Server startup in [8214] milliseconds
