19-Jul-2024 12:19:14.704 INFO [main] org.apache.catalina.startup.VersionLoggerListener.log Server version name:   Apache Tomcat/10.1.9
19-Jul-2024 12:19:14.723 INFO [main] org.apache.catalina.startup.VersionLoggerListener.log Server built:          May 9 2023 14:30:05 UTC
19-Jul-2024 12:19:14.724 INFO [main] org.apache.catalina.startup.VersionLoggerListener.log Server version number: 10.1.9.0
19-Jul-2024 12:19:14.724 INFO [main] org.apache.catalina.startup.VersionLoggerListener.log OS Name:               Windows 10
19-Jul-2024 12:19:14.725 INFO [main] org.apache.catalina.startup.VersionLoggerListener.log OS Version:            10.0
19-Jul-2024 12:19:14.725 INFO [main] org.apache.catalina.startup.VersionLoggerListener.log Architecture:          amd64
19-Jul-2024 12:19:14.725 INFO [main] org.apache.catalina.startup.VersionLoggerListener.log Java Home:             C:\Program Files\Java\jdk-17
19-Jul-2024 12:19:14.725 INFO [main] org.apache.catalina.startup.VersionLoggerListener.log JVM Version:           17.0.12+8-LTS-286
19-Jul-2024 12:19:14.725 INFO [main] org.apache.catalina.startup.VersionLoggerListener.log JVM Vendor:            Oracle Corporation
19-Jul-2024 12:19:14.725 INFO [main] org.apache.catalina.startup.VersionLoggerListener.log CATALINA_BASE:         E:\Waggle\waggleserver\Tomcat_10.1
19-Jul-2024 12:19:14.725 INFO [main] org.apache.catalina.startup.VersionLoggerListener.log CATALINA_HOME:         E:\Waggle\waggleserver\Tomcat_10.1
19-Jul-2024 12:19:14.742 INFO [main] org.apache.catalina.startup.VersionLoggerListener.log Command line argument: -Djava.util.logging.config.file=E:\Waggle\waggleserver\Tomcat_10.1\conf\logging.properties
19-Jul-2024 12:19:14.742 INFO [main] org.apache.catalina.startup.VersionLoggerListener.log Command line argument: -Djava.util.logging.manager=org.apache.juli.ClassLoaderLogManager
19-Jul-2024 12:19:14.742 INFO [main] org.apache.catalina.startup.VersionLoggerListener.log Command line argument: -Djdk.tls.ephemeralDHKeySize=2048
19-Jul-2024 12:19:14.742 INFO [main] org.apache.catalina.startup.VersionLoggerListener.log Command line argument: -Djava.protocol.handler.pkgs=org.apache.catalina.webresources
19-Jul-2024 12:19:14.742 INFO [main] org.apache.catalina.startup.VersionLoggerListener.log Command line argument: --add-opens=java.base/java.lang=ALL-UNNAMED
19-Jul-2024 12:19:14.742 INFO [main] org.apache.catalina.startup.VersionLoggerListener.log Command line argument: --add-opens=java.base/java.io=ALL-UNNAMED
19-Jul-2024 12:19:14.742 INFO [main] org.apache.catalina.startup.VersionLoggerListener.log Command line argument: --add-opens=java.base/java.util=ALL-UNNAMED
19-Jul-2024 12:19:14.742 INFO [main] org.apache.catalina.startup.VersionLoggerListener.log Command line argument: --add-opens=java.base/java.util.concurrent=ALL-UNNAMED
19-Jul-2024 12:19:14.742 INFO [main] org.apache.catalina.startup.VersionLoggerListener.log Command line argument: --add-opens=java.rmi/sun.rmi.transport=ALL-UNNAMED
19-Jul-2024 12:19:14.742 INFO [main] org.apache.catalina.startup.VersionLoggerListener.log Command line argument: -Dcatalina.base=E:\Waggle\waggleserver\Tomcat_10.1
19-Jul-2024 12:19:14.742 INFO [main] org.apache.catalina.startup.VersionLoggerListener.log Command line argument: -Dcatalina.home=E:\Waggle\waggleserver\Tomcat_10.1
19-Jul-2024 12:19:14.742 INFO [main] org.apache.catalina.startup.VersionLoggerListener.log Command line argument: -Djava.io.tmpdir=E:\Waggle\waggleserver\Tomcat_10.1\temp
19-Jul-2024 12:19:14.742 INFO [main] org.apache.catalina.core.AprLifecycleListener.lifecycleEvent The Apache Tomcat Native library which allows using OpenSSL was not found on the java.library.path: [C:\Program Files\Java\jdk-17\bin;C:\Windows\Sun\Java\bin;C:\Windows\system32;C:\Windows;C:\Program Files\Common Files\Oracle\Java\javapath;C:\Program Files\Python39\Scripts\;C:\Program Files\Python39\;C:\Program Files\Python37\Scripts\;C:\Program Files\Python37\;C:\Windows\system32;C:\Windows;C:\Windows\System32\Wbem;C:\Windows\System32\WindowsPowerShell\v1.0\;C:\Windows\System32\OpenSSH\;C:\flutter\bin\;C:\Program Files\dotnet\;C:\Program Files\Java\jdk-19\bin;C:\Windows\System32\WindowsPowerShell\v1.0;C:\Program Files\Java\jdk1.8.0_202\bin;C:\Program Files\MySQL\MySQL Server 5.7\bin;C:\apache-maven-3.9.6\bin;C:\Program Files\PuTTY\;C:\Users\Asus\AppData\Roaming\nvm;C:\Program Files\nodejs;C:\Program Files\MySQL\MySQL Shell 8.0\bin\;C:\Users\Asus\AppData\Local\Programs\Python\Python39\Scripts\;C:\Users\Asus\AppData\Local\Programs\Python\Python39\;C:\Users\Asus\AppData\Local\Microsoft\WindowsApps;C:\flutter\bin;C:\Users\Asus\.dotnet\tools;C:\Users\Asus\AppData\Local\Programs\Microsoft VS Code\bin;C:\Users\Asus\AppData\Roaming\nvm;C:\Program Files\nodejs;C:\Program Files\MySQL\MySQL Server 8.0\bin;C:\Users\Asus\AppData\Local\GitHubDesktop\bin;.]
19-Jul-2024 12:19:14.989 INFO [main] org.apache.coyote.AbstractProtocol.init Initializing ProtocolHandler ["http-nio-8282"]
19-Jul-2024 12:19:15.020 INFO [main] org.apache.catalina.startup.Catalina.load Server initialization in [499] milliseconds
19-Jul-2024 12:19:15.067 INFO [main] org.apache.catalina.core.StandardService.startInternal Starting service [Catalina]
19-Jul-2024 12:19:15.067 INFO [main] org.apache.catalina.core.StandardEngine.startInternal Starting Servlet engine: [Apache Tomcat/10.1.9]
19-Jul-2024 12:19:15.089 INFO [main] org.apache.catalina.startup.HostConfig.deployDescriptor Deploying deployment descriptor [E:\Waggle\waggleserver\Tomcat_10.1\conf\Catalina\localhost\inventory.xml]
19-Jul-2024 12:19:15.105 WARNING [main] org.apache.catalina.startup.HostConfig.deployDescriptor The path attribute with value [/inventory] in deployment descriptor [E:\Waggle\waggleserver\Tomcat_10.1\conf\Catalina\localhost\inventory.xml] has been ignored
19-Jul-2024 12:19:19.924 INFO [main] org.apache.jasper.servlet.TldScanner.scanJars At least one JAR was scanned for TLDs yet contained no TLDs. Enable debug logging for this logger for a complete list of JARs that were scanned but no TLDs were found in them. Skipping unneeded JARs during scanning can improve startup time and JSP compilation time.
19-Jul-2024 12:19:20.514 WARNING [main] org.glassfish.jersey.server.wadl.WadlFeature.configure JAXBContext implementation could not be found. WADL feature is disabled.
19-Jul-2024 12:19:21.880 INFO [main] org.apache.catalina.startup.HostConfig.deployDescriptor Deployment of deployment descriptor [E:\Waggle\waggleserver\Tomcat_10.1\conf\Catalina\localhost\inventory.xml] has finished in [6,790] ms
19-Jul-2024 12:19:21.880 INFO [main] org.apache.catalina.startup.HostConfig.deployDescriptor Deploying deployment descriptor [E:\Waggle\waggleserver\Tomcat_10.1\conf\Catalina\localhost\waggle.xml]
19-Jul-2024 12:19:21.883 WARNING [main] org.apache.catalina.startup.HostConfig.deployDescriptor The path attribute with value [/waggle] in deployment descriptor [E:\Waggle\waggleserver\Tomcat_10.1\conf\Catalina\localhost\waggle.xml] has been ignored
19-Jul-2024 12:19:25.678 INFO [main] org.apache.jasper.servlet.TldScanner.scanJars At least one JAR was scanned for TLDs yet contained no TLDs. Enable debug logging for this logger for a complete list of JARs that were scanned but no TLDs were found in them. Skipping unneeded JARs during scanning can improve startup time and JSP compilation time.
19-Jul-2024 12:19:25.953 WARNING [main] org.glassfish.jersey.server.wadl.WadlFeature.configure JAXBContext implementation could not be found. WADL feature is disabled.
19-Jul-2024 12:19:26.501 INFO [main] org.apache.catalina.startup.HostConfig.deployDescriptor Deployment of deployment descriptor [E:\Waggle\waggleserver\Tomcat_10.1\conf\Catalina\localhost\waggle.xml] has finished in [4,621] ms
19-Jul-2024 12:19:26.502 INFO [main] org.apache.catalina.startup.HostConfig.deployDirectory Deploying web application directory [E:\Waggle\waggleserver\Tomcat_10.1\webapps\docs]
19-Jul-2024 12:19:26.589 INFO [main] org.apache.jasper.servlet.TldScanner.scanJars At least one JAR was scanned for TLDs yet contained no TLDs. Enable debug logging for this logger for a complete list of JARs that were scanned but no TLDs were found in them. Skipping unneeded JARs during scanning can improve startup time and JSP compilation time.
19-Jul-2024 12:19:26.591 INFO [main] org.apache.catalina.startup.HostConfig.deployDirectory Deployment of web application directory [E:\Waggle\waggleserver\Tomcat_10.1\webapps\docs] has finished in [89] ms
19-Jul-2024 12:19:26.592 INFO [main] org.apache.catalina.startup.HostConfig.deployDirectory Deploying web application directory [E:\Waggle\waggleserver\Tomcat_10.1\webapps\manager]
19-Jul-2024 12:19:26.682 INFO [main] org.apache.jasper.servlet.TldScanner.scanJars At least one JAR was scanned for TLDs yet contained no TLDs. Enable debug logging for this logger for a complete list of JARs that were scanned but no TLDs were found in them. Skipping unneeded JARs during scanning can improve startup time and JSP compilation time.
19-Jul-2024 12:19:26.690 INFO [main] org.apache.catalina.startup.HostConfig.deployDirectory Deployment of web application directory [E:\Waggle\waggleserver\Tomcat_10.1\webapps\manager] has finished in [98] ms
19-Jul-2024 12:19:26.690 INFO [main] org.apache.catalina.startup.HostConfig.deployDirectory Deploying web application directory [E:\Waggle\waggleserver\Tomcat_10.1\webapps\ROOT]
19-Jul-2024 12:19:26.774 INFO [main] org.apache.jasper.servlet.TldScanner.scanJars At least one JAR was scanned for TLDs yet contained no TLDs. Enable debug logging for this logger for a complete list of JARs that were scanned but no TLDs were found in them. Skipping unneeded JARs during scanning can improve startup time and JSP compilation time.
19-Jul-2024 12:19:26.776 INFO [main] org.apache.catalina.startup.HostConfig.deployDirectory Deployment of web application directory [E:\Waggle\waggleserver\Tomcat_10.1\webapps\ROOT] has finished in [86] ms
19-Jul-2024 12:19:26.780 INFO [main] org.apache.coyote.AbstractProtocol.start Starting ProtocolHandler ["http-nio-8282"]
19-Jul-2024 12:19:26.831 INFO [main] org.apache.catalina.startup.Catalina.start Server startup in [11794] milliseconds
19-Jul-2024 12:32:11.959 INFO [main] org.apache.catalina.startup.VersionLoggerListener.log Server version name:   Apache Tomcat/10.1.9
19-Jul-2024 12:32:11.964 INFO [main] org.apache.catalina.startup.VersionLoggerListener.log Server built:          May 9 2023 14:30:05 UTC
19-Jul-2024 12:32:11.965 INFO [main] org.apache.catalina.startup.VersionLoggerListener.log Server version number: 10.1.9.0
19-Jul-2024 12:32:11.965 INFO [main] org.apache.catalina.startup.VersionLoggerListener.log OS Name:               Windows 10
19-Jul-2024 12:32:11.965 INFO [main] org.apache.catalina.startup.VersionLoggerListener.log OS Version:            10.0
19-Jul-2024 12:32:11.965 INFO [main] org.apache.catalina.startup.VersionLoggerListener.log Architecture:          amd64
19-Jul-2024 12:32:11.965 INFO [main] org.apache.catalina.startup.VersionLoggerListener.log Java Home:             C:\Program Files\Java\jdk-17
19-Jul-2024 12:32:11.965 INFO [main] org.apache.catalina.startup.VersionLoggerListener.log JVM Version:           17.0.12+8-LTS-286
19-Jul-2024 12:32:11.965 INFO [main] org.apache.catalina.startup.VersionLoggerListener.log JVM Vendor:            Oracle Corporation
19-Jul-2024 12:32:11.965 INFO [main] org.apache.catalina.startup.VersionLoggerListener.log CATALINA_BASE:         E:\Waggle\waggleserver\Tomcat_10.1
19-Jul-2024 12:32:11.966 INFO [main] org.apache.catalina.startup.VersionLoggerListener.log CATALINA_HOME:         E:\Waggle\waggleserver\Tomcat_10.1
19-Jul-2024 12:32:11.979 INFO [main] org.apache.catalina.startup.VersionLoggerListener.log Command line argument: -Djava.util.logging.config.file=E:\Waggle\waggleserver\Tomcat_10.1\conf\logging.properties
19-Jul-2024 12:32:11.979 INFO [main] org.apache.catalina.startup.VersionLoggerListener.log Command line argument: -Djava.util.logging.manager=org.apache.juli.ClassLoaderLogManager
19-Jul-2024 12:32:11.980 INFO [main] org.apache.catalina.startup.VersionLoggerListener.log Command line argument: -Djdk.tls.ephemeralDHKeySize=2048
19-Jul-2024 12:32:11.980 INFO [main] org.apache.catalina.startup.VersionLoggerListener.log Command line argument: -Djava.protocol.handler.pkgs=org.apache.catalina.webresources
19-Jul-2024 12:32:11.980 INFO [main] org.apache.catalina.startup.VersionLoggerListener.log Command line argument: --add-opens=java.base/java.lang=ALL-UNNAMED
19-Jul-2024 12:32:11.980 INFO [main] org.apache.catalina.startup.VersionLoggerListener.log Command line argument: --add-opens=java.base/java.io=ALL-UNNAMED
19-Jul-2024 12:32:11.980 INFO [main] org.apache.catalina.startup.VersionLoggerListener.log Command line argument: --add-opens=java.base/java.util=ALL-UNNAMED
19-Jul-2024 12:32:11.981 INFO [main] org.apache.catalina.startup.VersionLoggerListener.log Command line argument: --add-opens=java.base/java.util.concurrent=ALL-UNNAMED
19-Jul-2024 12:32:11.981 INFO [main] org.apache.catalina.startup.VersionLoggerListener.log Command line argument: --add-opens=java.rmi/sun.rmi.transport=ALL-UNNAMED
19-Jul-2024 12:32:11.981 INFO [main] org.apache.catalina.startup.VersionLoggerListener.log Command line argument: -Dcatalina.base=E:\Waggle\waggleserver\Tomcat_10.1
19-Jul-2024 12:32:11.981 INFO [main] org.apache.catalina.startup.VersionLoggerListener.log Command line argument: -Dcatalina.home=E:\Waggle\waggleserver\Tomcat_10.1
19-Jul-2024 12:32:11.981 INFO [main] org.apache.catalina.startup.VersionLoggerListener.log Command line argument: -Djava.io.tmpdir=E:\Waggle\waggleserver\Tomcat_10.1\temp
19-Jul-2024 12:32:11.990 INFO [main] org.apache.catalina.core.AprLifecycleListener.lifecycleEvent The Apache Tomcat Native library which allows using OpenSSL was not found on the java.library.path: [C:\Program Files\Java\jdk-17\bin;C:\Windows\Sun\Java\bin;C:\Windows\system32;C:\Windows;C:\Program Files\Common Files\Oracle\Java\javapath;C:\Program Files\Python39\Scripts\;C:\Program Files\Python39\;C:\Program Files\Python37\Scripts\;C:\Program Files\Python37\;C:\Windows\system32;C:\Windows;C:\Windows\System32\Wbem;C:\Windows\System32\WindowsPowerShell\v1.0\;C:\Windows\System32\OpenSSH\;C:\flutter\bin\;C:\Program Files\dotnet\;C:\Program Files\Java\jdk-19\bin;C:\Windows\System32\WindowsPowerShell\v1.0;C:\Program Files\Java\jdk1.8.0_202\bin;C:\Program Files\MySQL\MySQL Server 5.7\bin;C:\apache-maven-3.9.6\bin;C:\Program Files\PuTTY\;C:\Users\Asus\AppData\Roaming\nvm;C:\Program Files\nodejs;C:\Program Files\MySQL\MySQL Shell 8.0\bin\;C:\Users\Asus\AppData\Local\Programs\Python\Python39\Scripts\;C:\Users\Asus\AppData\Local\Programs\Python\Python39\;C:\Users\Asus\AppData\Local\Microsoft\WindowsApps;C:\flutter\bin;C:\Users\Asus\.dotnet\tools;C:\Users\Asus\AppData\Local\Programs\Microsoft VS Code\bin;C:\Users\Asus\AppData\Roaming\nvm;C:\Program Files\nodejs;C:\Program Files\MySQL\MySQL Server 8.0\bin;C:\Users\Asus\AppData\Local\GitHubDesktop\bin;.]
19-Jul-2024 12:32:12.224 INFO [main] org.apache.coyote.AbstractProtocol.init Initializing ProtocolHandler ["http-nio-8282"]
19-Jul-2024 12:32:12.254 INFO [main] org.apache.catalina.startup.Catalina.load Server initialization in [452] milliseconds
19-Jul-2024 12:32:12.294 INFO [main] org.apache.catalina.core.StandardService.startInternal Starting service [Catalina]
19-Jul-2024 12:32:12.294 INFO [main] org.apache.catalina.core.StandardEngine.startInternal Starting Servlet engine: [Apache Tomcat/10.1.9]
19-Jul-2024 12:32:12.309 INFO [main] org.apache.catalina.startup.HostConfig.deployDescriptor Deploying deployment descriptor [E:\Waggle\waggleserver\Tomcat_10.1\conf\Catalina\localhost\inventory.xml]
19-Jul-2024 12:32:12.334 WARNING [main] org.apache.catalina.startup.HostConfig.deployDescriptor The path attribute with value [/inventory] in deployment descriptor [E:\Waggle\waggleserver\Tomcat_10.1\conf\Catalina\localhost\inventory.xml] has been ignored
19-Jul-2024 12:32:15.271 INFO [main] org.apache.jasper.servlet.TldScanner.scanJars At least one JAR was scanned for TLDs yet contained no TLDs. Enable debug logging for this logger for a complete list of JARs that were scanned but no TLDs were found in them. Skipping unneeded JARs during scanning can improve startup time and JSP compilation time.
19-Jul-2024 12:32:15.952 WARNING [main] org.glassfish.jersey.server.wadl.WadlFeature.configure JAXBContext implementation could not be found. WADL feature is disabled.
19-Jul-2024 12:32:17.256 INFO [main] org.apache.catalina.startup.HostConfig.deployDescriptor Deployment of deployment descriptor [E:\Waggle\waggleserver\Tomcat_10.1\conf\Catalina\localhost\inventory.xml] has finished in [4,946] ms
19-Jul-2024 12:32:17.256 INFO [main] org.apache.catalina.startup.HostConfig.deployDescriptor Deploying deployment descriptor [E:\Waggle\waggleserver\Tomcat_10.1\conf\Catalina\localhost\waggle.xml]
19-Jul-2024 12:32:17.258 WARNING [main] org.apache.catalina.startup.HostConfig.deployDescriptor The path attribute with value [/waggle] in deployment descriptor [E:\Waggle\waggleserver\Tomcat_10.1\conf\Catalina\localhost\waggle.xml] has been ignored
19-Jul-2024 12:32:19.601 INFO [main] org.apache.jasper.servlet.TldScanner.scanJars At least one JAR was scanned for TLDs yet contained no TLDs. Enable debug logging for this logger for a complete list of JARs that were scanned but no TLDs were found in them. Skipping unneeded JARs during scanning can improve startup time and JSP compilation time.
19-Jul-2024 12:32:19.870 WARNING [main] org.glassfish.jersey.server.wadl.WadlFeature.configure JAXBContext implementation could not be found. WADL feature is disabled.
19-Jul-2024 12:32:20.417 INFO [main] org.apache.catalina.startup.HostConfig.deployDescriptor Deployment of deployment descriptor [E:\Waggle\waggleserver\Tomcat_10.1\conf\Catalina\localhost\waggle.xml] has finished in [3,161] ms
19-Jul-2024 12:32:20.418 INFO [main] org.apache.catalina.startup.HostConfig.deployDirectory Deploying web application directory [E:\Waggle\waggleserver\Tomcat_10.1\webapps\docs]
19-Jul-2024 12:32:20.518 INFO [main] org.apache.jasper.servlet.TldScanner.scanJars At least one JAR was scanned for TLDs yet contained no TLDs. Enable debug logging for this logger for a complete list of JARs that were scanned but no TLDs were found in them. Skipping unneeded JARs during scanning can improve startup time and JSP compilation time.
19-Jul-2024 12:32:20.520 INFO [main] org.apache.catalina.startup.HostConfig.deployDirectory Deployment of web application directory [E:\Waggle\waggleserver\Tomcat_10.1\webapps\docs] has finished in [102] ms
19-Jul-2024 12:32:20.520 INFO [main] org.apache.catalina.startup.HostConfig.deployDirectory Deploying web application directory [E:\Waggle\waggleserver\Tomcat_10.1\webapps\manager]
19-Jul-2024 12:32:20.688 INFO [main] org.apache.jasper.servlet.TldScanner.scanJars At least one JAR was scanned for TLDs yet contained no TLDs. Enable debug logging for this logger for a complete list of JARs that were scanned but no TLDs were found in them. Skipping unneeded JARs during scanning can improve startup time and JSP compilation time.
19-Jul-2024 12:32:20.697 INFO [main] org.apache.catalina.startup.HostConfig.deployDirectory Deployment of web application directory [E:\Waggle\waggleserver\Tomcat_10.1\webapps\manager] has finished in [177] ms
19-Jul-2024 12:32:20.698 INFO [main] org.apache.catalina.startup.HostConfig.deployDirectory Deploying web application directory [E:\Waggle\waggleserver\Tomcat_10.1\webapps\ROOT]
19-Jul-2024 12:32:20.796 INFO [main] org.apache.jasper.servlet.TldScanner.scanJars At least one JAR was scanned for TLDs yet contained no TLDs. Enable debug logging for this logger for a complete list of JARs that were scanned but no TLDs were found in them. Skipping unneeded JARs during scanning can improve startup time and JSP compilation time.
19-Jul-2024 12:32:20.798 INFO [main] org.apache.catalina.startup.HostConfig.deployDirectory Deployment of web application directory [E:\Waggle\waggleserver\Tomcat_10.1\webapps\ROOT] has finished in [101] ms
19-Jul-2024 12:32:20.802 INFO [main] org.apache.coyote.AbstractProtocol.start Starting ProtocolHandler ["http-nio-8282"]
19-Jul-2024 12:32:20.921 INFO [main] org.apache.catalina.startup.Catalina.start Server startup in [8666] milliseconds
19-Jul-2024 12:32:32.342 INFO [main] org.apache.catalina.startup.VersionLoggerListener.log Server version name:   Apache Tomcat/10.1.9
19-Jul-2024 12:32:32.347 INFO [main] org.apache.catalina.startup.VersionLoggerListener.log Server built:          May 9 2023 14:30:05 UTC
19-Jul-2024 12:32:32.347 INFO [main] org.apache.catalina.startup.VersionLoggerListener.log Server version number: 10.1.9.0
19-Jul-2024 12:32:32.347 INFO [main] org.apache.catalina.startup.VersionLoggerListener.log OS Name:               Windows 10
19-Jul-2024 12:32:32.348 INFO [main] org.apache.catalina.startup.VersionLoggerListener.log OS Version:            10.0
19-Jul-2024 12:32:32.348 INFO [main] org.apache.catalina.startup.VersionLoggerListener.log Architecture:          amd64
19-Jul-2024 12:32:32.348 INFO [main] org.apache.catalina.startup.VersionLoggerListener.log Java Home:             C:\Program Files\Java\jdk-17
19-Jul-2024 12:32:32.348 INFO [main] org.apache.catalina.startup.VersionLoggerListener.log JVM Version:           17.0.12+8-LTS-286
19-Jul-2024 12:32:32.348 INFO [main] org.apache.catalina.startup.VersionLoggerListener.log JVM Vendor:            Oracle Corporation
19-Jul-2024 12:32:32.349 INFO [main] org.apache.catalina.startup.VersionLoggerListener.log CATALINA_BASE:         E:\Waggle\waggleserver\Tomcat_10.1
19-Jul-2024 12:32:32.349 INFO [main] org.apache.catalina.startup.VersionLoggerListener.log CATALINA_HOME:         E:\Waggle\waggleserver\Tomcat_10.1
19-Jul-2024 12:32:32.359 INFO [main] org.apache.catalina.startup.VersionLoggerListener.log Command line argument: -Djava.util.logging.config.file=E:\Waggle\waggleserver\Tomcat_10.1\conf\logging.properties
19-Jul-2024 12:32:32.360 INFO [main] org.apache.catalina.startup.VersionLoggerListener.log Command line argument: -Djava.util.logging.manager=org.apache.juli.ClassLoaderLogManager
19-Jul-2024 12:32:32.360 INFO [main] org.apache.catalina.startup.VersionLoggerListener.log Command line argument: -Djdk.tls.ephemeralDHKeySize=2048
19-Jul-2024 12:32:32.360 INFO [main] org.apache.catalina.startup.VersionLoggerListener.log Command line argument: -Djava.protocol.handler.pkgs=org.apache.catalina.webresources
19-Jul-2024 12:32:32.360 INFO [main] org.apache.catalina.startup.VersionLoggerListener.log Command line argument: --add-opens=java.base/java.lang=ALL-UNNAMED
19-Jul-2024 12:32:32.360 INFO [main] org.apache.catalina.startup.VersionLoggerListener.log Command line argument: --add-opens=java.base/java.io=ALL-UNNAMED
19-Jul-2024 12:32:32.361 INFO [main] org.apache.catalina.startup.VersionLoggerListener.log Command line argument: --add-opens=java.base/java.util=ALL-UNNAMED
19-Jul-2024 12:32:32.361 INFO [main] org.apache.catalina.startup.VersionLoggerListener.log Command line argument: --add-opens=java.base/java.util.concurrent=ALL-UNNAMED
19-Jul-2024 12:32:32.361 INFO [main] org.apache.catalina.startup.VersionLoggerListener.log Command line argument: --add-opens=java.rmi/sun.rmi.transport=ALL-UNNAMED
19-Jul-2024 12:32:32.361 INFO [main] org.apache.catalina.startup.VersionLoggerListener.log Command line argument: -Dcatalina.base=E:\Waggle\waggleserver\Tomcat_10.1
19-Jul-2024 12:32:32.362 INFO [main] org.apache.catalina.startup.VersionLoggerListener.log Command line argument: -Dcatalina.home=E:\Waggle\waggleserver\Tomcat_10.1
19-Jul-2024 12:32:32.362 INFO [main] org.apache.catalina.startup.VersionLoggerListener.log Command line argument: -Djava.io.tmpdir=E:\Waggle\waggleserver\Tomcat_10.1\temp
19-Jul-2024 12:32:32.374 INFO [main] org.apache.catalina.core.AprLifecycleListener.lifecycleEvent The Apache Tomcat Native library which allows using OpenSSL was not found on the java.library.path: [C:\Program Files\Java\jdk-17\bin;C:\Windows\Sun\Java\bin;C:\Windows\system32;C:\Windows;C:\Program Files\Common Files\Oracle\Java\javapath;C:\Program Files\Python39\Scripts\;C:\Program Files\Python39\;C:\Program Files\Python37\Scripts\;C:\Program Files\Python37\;C:\Windows\system32;C:\Windows;C:\Windows\System32\Wbem;C:\Windows\System32\WindowsPowerShell\v1.0\;C:\Windows\System32\OpenSSH\;C:\flutter\bin\;C:\Program Files\dotnet\;C:\Program Files\Java\jdk-19\bin;C:\Windows\System32\WindowsPowerShell\v1.0;C:\Program Files\Java\jdk1.8.0_202\bin;C:\Program Files\MySQL\MySQL Server 5.7\bin;C:\apache-maven-3.9.6\bin;C:\Program Files\PuTTY\;C:\Users\Asus\AppData\Roaming\nvm;C:\Program Files\nodejs;C:\Program Files\MySQL\MySQL Shell 8.0\bin\;C:\Users\Asus\AppData\Local\Programs\Python\Python39\Scripts\;C:\Users\Asus\AppData\Local\Programs\Python\Python39\;C:\Users\Asus\AppData\Local\Microsoft\WindowsApps;C:\flutter\bin;C:\Users\Asus\.dotnet\tools;C:\Users\Asus\AppData\Local\Programs\Microsoft VS Code\bin;C:\Users\Asus\AppData\Roaming\nvm;C:\Program Files\nodejs;C:\Program Files\MySQL\MySQL Server 8.0\bin;C:\Users\Asus\AppData\Local\GitHubDesktop\bin;.]
19-Jul-2024 12:32:32.590 INFO [main] org.apache.coyote.AbstractProtocol.init Initializing ProtocolHandler ["http-nio-8282"]
19-Jul-2024 12:32:32.616 INFO [main] org.apache.catalina.startup.Catalina.load Server initialization in [428] milliseconds
19-Jul-2024 12:32:32.657 INFO [main] org.apache.catalina.core.StandardService.startInternal Starting service [Catalina]
19-Jul-2024 12:32:32.658 INFO [main] org.apache.catalina.core.StandardEngine.startInternal Starting Servlet engine: [Apache Tomcat/10.1.9]
19-Jul-2024 12:32:32.675 INFO [main] org.apache.catalina.startup.HostConfig.deployDescriptor Deploying deployment descriptor [E:\Waggle\waggleserver\Tomcat_10.1\conf\Catalina\localhost\inventory.xml]
19-Jul-2024 12:32:32.696 WARNING [main] org.apache.catalina.startup.HostConfig.deployDescriptor The path attribute with value [/inventory] in deployment descriptor [E:\Waggle\waggleserver\Tomcat_10.1\conf\Catalina\localhost\inventory.xml] has been ignored
19-Jul-2024 12:32:35.114 INFO [main] org.apache.jasper.servlet.TldScanner.scanJars At least one JAR was scanned for TLDs yet contained no TLDs. Enable debug logging for this logger for a complete list of JARs that were scanned but no TLDs were found in them. Skipping unneeded JARs during scanning can improve startup time and JSP compilation time.
19-Jul-2024 12:32:35.541 WARNING [main] org.glassfish.jersey.server.wadl.WadlFeature.configure JAXBContext implementation could not be found. WADL feature is disabled.
19-Jul-2024 12:32:36.328 INFO [main] org.apache.catalina.startup.HostConfig.deployDescriptor Deployment of deployment descriptor [E:\Waggle\waggleserver\Tomcat_10.1\conf\Catalina\localhost\inventory.xml] has finished in [3,653] ms
19-Jul-2024 12:32:36.329 INFO [main] org.apache.catalina.startup.HostConfig.deployDescriptor Deploying deployment descriptor [E:\Waggle\waggleserver\Tomcat_10.1\conf\Catalina\localhost\waggle.xml]
19-Jul-2024 12:32:36.331 WARNING [main] org.apache.catalina.startup.HostConfig.deployDescriptor The path attribute with value [/waggle] in deployment descriptor [E:\Waggle\waggleserver\Tomcat_10.1\conf\Catalina\localhost\waggle.xml] has been ignored
19-Jul-2024 12:32:38.067 INFO [main] org.apache.jasper.servlet.TldScanner.scanJars At least one JAR was scanned for TLDs yet contained no TLDs. Enable debug logging for this logger for a complete list of JARs that were scanned but no TLDs were found in them. Skipping unneeded JARs during scanning can improve startup time and JSP compilation time.
19-Jul-2024 12:32:38.331 WARNING [main] org.glassfish.jersey.server.wadl.WadlFeature.configure JAXBContext implementation could not be found. WADL feature is disabled.
19-Jul-2024 12:32:38.791 INFO [main] org.apache.catalina.startup.HostConfig.deployDescriptor Deployment of deployment descriptor [E:\Waggle\waggleserver\Tomcat_10.1\conf\Catalina\localhost\waggle.xml] has finished in [2,462] ms
19-Jul-2024 12:32:38.791 INFO [main] org.apache.catalina.startup.HostConfig.deployDirectory Deploying web application directory [E:\Waggle\waggleserver\Tomcat_10.1\webapps\docs]
19-Jul-2024 12:32:38.885 INFO [main] org.apache.jasper.servlet.TldScanner.scanJars At least one JAR was scanned for TLDs yet contained no TLDs. Enable debug logging for this logger for a complete list of JARs that were scanned but no TLDs were found in them. Skipping unneeded JARs during scanning can improve startup time and JSP compilation time.
19-Jul-2024 12:32:38.887 INFO [main] org.apache.catalina.startup.HostConfig.deployDirectory Deployment of web application directory [E:\Waggle\waggleserver\Tomcat_10.1\webapps\docs] has finished in [96] ms
19-Jul-2024 12:32:38.887 INFO [main] org.apache.catalina.startup.HostConfig.deployDirectory Deploying web application directory [E:\Waggle\waggleserver\Tomcat_10.1\webapps\manager]
19-Jul-2024 12:32:38.980 INFO [main] org.apache.jasper.servlet.TldScanner.scanJars At least one JAR was scanned for TLDs yet contained no TLDs. Enable debug logging for this logger for a complete list of JARs that were scanned but no TLDs were found in them. Skipping unneeded JARs during scanning can improve startup time and JSP compilation time.
19-Jul-2024 12:32:38.986 INFO [main] org.apache.catalina.startup.HostConfig.deployDirectory Deployment of web application directory [E:\Waggle\waggleserver\Tomcat_10.1\webapps\manager] has finished in [99] ms
19-Jul-2024 12:32:38.987 INFO [main] org.apache.catalina.startup.HostConfig.deployDirectory Deploying web application directory [E:\Waggle\waggleserver\Tomcat_10.1\webapps\ROOT]
19-Jul-2024 12:32:39.060 INFO [main] org.apache.jasper.servlet.TldScanner.scanJars At least one JAR was scanned for TLDs yet contained no TLDs. Enable debug logging for this logger for a complete list of JARs that were scanned but no TLDs were found in them. Skipping unneeded JARs during scanning can improve startup time and JSP compilation time.
19-Jul-2024 12:32:39.060 INFO [main] org.apache.catalina.startup.HostConfig.deployDirectory Deployment of web application directory [E:\Waggle\waggleserver\Tomcat_10.1\webapps\ROOT] has finished in [73] ms
19-Jul-2024 12:32:39.060 INFO [main] org.apache.coyote.AbstractProtocol.start Starting ProtocolHandler ["http-nio-8282"]
19-Jul-2024 12:32:39.116 INFO [main] org.apache.catalina.startup.Catalina.start Server startup in [6499] milliseconds
19-Jul-2024 13:00:06.222 INFO [main] org.apache.catalina.startup.VersionLoggerListener.log Server version name:   Apache Tomcat/10.1.9
19-Jul-2024 13:00:06.227 INFO [main] org.apache.catalina.startup.VersionLoggerListener.log Server built:          May 9 2023 14:30:05 UTC
19-Jul-2024 13:00:06.227 INFO [main] org.apache.catalina.startup.VersionLoggerListener.log Server version number: 10.1.9.0
19-Jul-2024 13:00:06.227 INFO [main] org.apache.catalina.startup.VersionLoggerListener.log OS Name:               Windows 10
19-Jul-2024 13:00:06.227 INFO [main] org.apache.catalina.startup.VersionLoggerListener.log OS Version:            10.0
19-Jul-2024 13:00:06.228 INFO [main] org.apache.catalina.startup.VersionLoggerListener.log Architecture:          amd64
19-Jul-2024 13:00:06.228 INFO [main] org.apache.catalina.startup.VersionLoggerListener.log Java Home:             C:\Program Files\Java\jdk-17
19-Jul-2024 13:00:06.228 INFO [main] org.apache.catalina.startup.VersionLoggerListener.log JVM Version:           17.0.12+8-LTS-286
19-Jul-2024 13:00:06.228 INFO [main] org.apache.catalina.startup.VersionLoggerListener.log JVM Vendor:            Oracle Corporation
19-Jul-2024 13:00:06.228 INFO [main] org.apache.catalina.startup.VersionLoggerListener.log CATALINA_BASE:         E:\Waggle\waggleserver\Tomcat_10.1
19-Jul-2024 13:00:06.228 INFO [main] org.apache.catalina.startup.VersionLoggerListener.log CATALINA_HOME:         E:\Waggle\waggleserver\Tomcat_10.1
19-Jul-2024 13:00:06.243 INFO [main] org.apache.catalina.startup.VersionLoggerListener.log Command line argument: -Djava.util.logging.config.file=E:\Waggle\waggleserver\Tomcat_10.1\conf\logging.properties
19-Jul-2024 13:00:06.243 INFO [main] org.apache.catalina.startup.VersionLoggerListener.log Command line argument: -Djava.util.logging.manager=org.apache.juli.ClassLoaderLogManager
19-Jul-2024 13:00:06.244 INFO [main] org.apache.catalina.startup.VersionLoggerListener.log Command line argument: -Djdk.tls.ephemeralDHKeySize=2048
19-Jul-2024 13:00:06.244 INFO [main] org.apache.catalina.startup.VersionLoggerListener.log Command line argument: -Djava.protocol.handler.pkgs=org.apache.catalina.webresources
19-Jul-2024 13:00:06.244 INFO [main] org.apache.catalina.startup.VersionLoggerListener.log Command line argument: --add-opens=java.base/java.lang=ALL-UNNAMED
19-Jul-2024 13:00:06.244 INFO [main] org.apache.catalina.startup.VersionLoggerListener.log Command line argument: --add-opens=java.base/java.io=ALL-UNNAMED
19-Jul-2024 13:00:06.245 INFO [main] org.apache.catalina.startup.VersionLoggerListener.log Command line argument: --add-opens=java.base/java.util=ALL-UNNAMED
19-Jul-2024 13:00:06.250 INFO [main] org.apache.catalina.startup.VersionLoggerListener.log Command line argument: --add-opens=java.base/java.util.concurrent=ALL-UNNAMED
19-Jul-2024 13:00:06.251 INFO [main] org.apache.catalina.startup.VersionLoggerListener.log Command line argument: --add-opens=java.rmi/sun.rmi.transport=ALL-UNNAMED
19-Jul-2024 13:00:06.251 INFO [main] org.apache.catalina.startup.VersionLoggerListener.log Command line argument: -Dcatalina.base=E:\Waggle\waggleserver\Tomcat_10.1
19-Jul-2024 13:00:06.251 INFO [main] org.apache.catalina.startup.VersionLoggerListener.log Command line argument: -Dcatalina.home=E:\Waggle\waggleserver\Tomcat_10.1
19-Jul-2024 13:00:06.252 INFO [main] org.apache.catalina.startup.VersionLoggerListener.log Command line argument: -Djava.io.tmpdir=E:\Waggle\waggleserver\Tomcat_10.1\temp
19-Jul-2024 13:00:06.267 INFO [main] org.apache.catalina.core.AprLifecycleListener.lifecycleEvent The Apache Tomcat Native library which allows using OpenSSL was not found on the java.library.path: [C:\Program Files\Java\jdk-17\bin;C:\Windows\Sun\Java\bin;C:\Windows\system32;C:\Windows;C:\Program Files\Common Files\Oracle\Java\javapath;C:\Program Files\Python39\Scripts\;C:\Program Files\Python39\;C:\Program Files\Python37\Scripts\;C:\Program Files\Python37\;C:\Windows\system32;C:\Windows;C:\Windows\System32\Wbem;C:\Windows\System32\WindowsPowerShell\v1.0\;C:\Windows\System32\OpenSSH\;C:\flutter\bin\;C:\Program Files\dotnet\;C:\Program Files\Java\jdk-19\bin;C:\Windows\System32\WindowsPowerShell\v1.0;C:\Program Files\Java\jdk1.8.0_202\bin;C:\Program Files\MySQL\MySQL Server 5.7\bin;C:\apache-maven-3.9.6\bin;C:\Program Files\PuTTY\;C:\Users\Asus\AppData\Roaming\nvm;C:\Program Files\nodejs;C:\Program Files\MySQL\MySQL Shell 8.0\bin\;C:\Users\Asus\AppData\Local\Programs\Python\Python39\Scripts\;C:\Users\Asus\AppData\Local\Programs\Python\Python39\;C:\Users\Asus\AppData\Local\Microsoft\WindowsApps;C:\flutter\bin;C:\Users\Asus\.dotnet\tools;C:\Users\Asus\AppData\Local\Programs\Microsoft VS Code\bin;C:\Users\Asus\AppData\Roaming\nvm;C:\Program Files\nodejs;C:\Program Files\MySQL\MySQL Server 8.0\bin;C:\Users\Asus\AppData\Local\GitHubDesktop\bin;.]
19-Jul-2024 13:00:06.514 INFO [main] org.apache.coyote.AbstractProtocol.init Initializing ProtocolHandler ["http-nio-8282"]
19-Jul-2024 13:00:06.535 INFO [main] org.apache.catalina.startup.Catalina.load Server initialization in [531] milliseconds
19-Jul-2024 13:00:06.579 INFO [main] org.apache.catalina.core.StandardService.startInternal Starting service [Catalina]
19-Jul-2024 13:00:06.579 INFO [main] org.apache.catalina.core.StandardEngine.startInternal Starting Servlet engine: [Apache Tomcat/10.1.9]
19-Jul-2024 13:00:06.599 INFO [main] org.apache.catalina.startup.HostConfig.deployDescriptor Deploying deployment descriptor [E:\Waggle\waggleserver\Tomcat_10.1\conf\Catalina\localhost\inventory.xml]
19-Jul-2024 13:00:06.615 WARNING [main] org.apache.catalina.startup.HostConfig.deployDescriptor The path attribute with value [/inventory] in deployment descriptor [E:\Waggle\waggleserver\Tomcat_10.1\conf\Catalina\localhost\inventory.xml] has been ignored
19-Jul-2024 13:00:10.119 INFO [main] org.apache.jasper.servlet.TldScanner.scanJars At least one JAR was scanned for TLDs yet contained no TLDs. Enable debug logging for this logger for a complete list of JARs that were scanned but no TLDs were found in them. Skipping unneeded JARs during scanning can improve startup time and JSP compilation time.
19-Jul-2024 13:00:10.765 WARNING [main] org.glassfish.jersey.server.wadl.WadlFeature.configure JAXBContext implementation could not be found. WADL feature is disabled.
19-Jul-2024 13:00:11.822 INFO [main] org.apache.catalina.startup.HostConfig.deployDescriptor Deployment of deployment descriptor [E:\Waggle\waggleserver\Tomcat_10.1\conf\Catalina\localhost\inventory.xml] has finished in [5,222] ms
19-Jul-2024 13:00:11.822 INFO [main] org.apache.catalina.startup.HostConfig.deployDescriptor Deploying deployment descriptor [E:\Waggle\waggleserver\Tomcat_10.1\conf\Catalina\localhost\waggle.xml]
19-Jul-2024 13:00:11.824 WARNING [main] org.apache.catalina.startup.HostConfig.deployDescriptor The path attribute with value [/waggle] in deployment descriptor [E:\Waggle\waggleserver\Tomcat_10.1\conf\Catalina\localhost\waggle.xml] has been ignored
19-Jul-2024 13:00:14.276 INFO [main] org.apache.jasper.servlet.TldScanner.scanJars At least one JAR was scanned for TLDs yet contained no TLDs. Enable debug logging for this logger for a complete list of JARs that were scanned but no TLDs were found in them. Skipping unneeded JARs during scanning can improve startup time and JSP compilation time.
19-Jul-2024 13:00:14.558 WARNING [main] org.glassfish.jersey.server.wadl.WadlFeature.configure JAXBContext implementation could not be found. WADL feature is disabled.
19-Jul-2024 13:00:15.122 INFO [main] org.apache.catalina.startup.HostConfig.deployDescriptor Deployment of deployment descriptor [E:\Waggle\waggleserver\Tomcat_10.1\conf\Catalina\localhost\waggle.xml] has finished in [3,300] ms
19-Jul-2024 13:00:15.123 INFO [main] org.apache.catalina.startup.HostConfig.deployDirectory Deploying web application directory [E:\Waggle\waggleserver\Tomcat_10.1\webapps\docs]
19-Jul-2024 13:00:15.324 INFO [main] org.apache.jasper.servlet.TldScanner.scanJars At least one JAR was scanned for TLDs yet contained no TLDs. Enable debug logging for this logger for a complete list of JARs that were scanned but no TLDs were found in them. Skipping unneeded JARs during scanning can improve startup time and JSP compilation time.
19-Jul-2024 13:00:15.340 INFO [main] org.apache.catalina.startup.HostConfig.deployDirectory Deployment of web application directory [E:\Waggle\waggleserver\Tomcat_10.1\webapps\docs] has finished in [201] ms
19-Jul-2024 13:00:15.340 INFO [main] org.apache.catalina.startup.HostConfig.deployDirectory Deploying web application directory [E:\Waggle\waggleserver\Tomcat_10.1\webapps\manager]
19-Jul-2024 13:00:15.564 INFO [main] org.apache.jasper.servlet.TldScanner.scanJars At least one JAR was scanned for TLDs yet contained no TLDs. Enable debug logging for this logger for a complete list of JARs that were scanned but no TLDs were found in them. Skipping unneeded JARs during scanning can improve startup time and JSP compilation time.
19-Jul-2024 13:00:15.564 INFO [main] org.apache.catalina.startup.HostConfig.deployDirectory Deployment of web application directory [E:\Waggle\waggleserver\Tomcat_10.1\webapps\manager] has finished in [224] ms
19-Jul-2024 13:00:15.564 INFO [main] org.apache.catalina.startup.HostConfig.deployDirectory Deploying web application directory [E:\Waggle\waggleserver\Tomcat_10.1\webapps\ROOT]
19-Jul-2024 13:00:15.765 INFO [main] org.apache.jasper.servlet.TldScanner.scanJars At least one JAR was scanned for TLDs yet contained no TLDs. Enable debug logging for this logger for a complete list of JARs that were scanned but no TLDs were found in them. Skipping unneeded JARs during scanning can improve startup time and JSP compilation time.
19-Jul-2024 13:00:15.768 INFO [main] org.apache.catalina.startup.HostConfig.deployDirectory Deployment of web application directory [E:\Waggle\waggleserver\Tomcat_10.1\webapps\ROOT] has finished in [204] ms
19-Jul-2024 13:00:15.772 INFO [main] org.apache.coyote.AbstractProtocol.start Starting ProtocolHandler ["http-nio-8282"]
19-Jul-2024 13:00:15.829 INFO [main] org.apache.catalina.startup.Catalina.start Server startup in [9293] milliseconds
19-Jul-2024 13:44:09.271 INFO [Catalina-utility-2] org.apache.catalina.startup.HostConfig.undeploy Undeploying context [/waggle]
19-Jul-2024 13:44:09.350 INFO [Catalina-utility-2] org.apache.catalina.startup.HostConfig.deployDescriptor Deploying deployment descriptor [E:\Waggle\waggleserver\Tomcat_10.1\conf\Catalina\localhost\waggle.xml]
19-Jul-2024 13:44:09.354 WARNING [Catalina-utility-2] org.apache.catalina.startup.HostConfig.deployDescriptor The path attribute with value [/waggle] in deployment descriptor [E:\Waggle\waggleserver\Tomcat_10.1\conf\Catalina\localhost\waggle.xml] has been ignored
19-Jul-2024 13:44:11.706 INFO [Catalina-utility-2] org.apache.jasper.servlet.TldScanner.scanJars At least one JAR was scanned for TLDs yet contained no TLDs. Enable debug logging for this logger for a complete list of JARs that were scanned but no TLDs were found in them. Skipping unneeded JARs during scanning can improve startup time and JSP compilation time.
19-Jul-2024 13:44:12.014 WARNING [Catalina-utility-2] org.glassfish.jersey.server.wadl.WadlFeature.configure JAXBContext implementation could not be found. WADL feature is disabled.
19-Jul-2024 13:44:16.991 INFO [Catalina-utility-2] org.apache.catalina.startup.HostConfig.deployDescriptor Deployment of deployment descriptor [E:\Waggle\waggleserver\Tomcat_10.1\conf\Catalina\localhost\waggle.xml] has finished in [7,640] ms
19-Jul-2024 13:44:31.754 INFO [main] org.apache.catalina.startup.VersionLoggerListener.log Server version name:   Apache Tomcat/10.1.9
19-Jul-2024 13:44:31.758 INFO [main] org.apache.catalina.startup.VersionLoggerListener.log Server built:          May 9 2023 14:30:05 UTC
19-Jul-2024 13:44:31.758 INFO [main] org.apache.catalina.startup.VersionLoggerListener.log Server version number: 10.1.9.0
19-Jul-2024 13:44:31.758 INFO [main] org.apache.catalina.startup.VersionLoggerListener.log OS Name:               Windows 10
19-Jul-2024 13:44:31.759 INFO [main] org.apache.catalina.startup.VersionLoggerListener.log OS Version:            10.0
19-Jul-2024 13:44:31.759 INFO [main] org.apache.catalina.startup.VersionLoggerListener.log Architecture:          amd64
19-Jul-2024 13:44:31.759 INFO [main] org.apache.catalina.startup.VersionLoggerListener.log Java Home:             C:\Program Files\Java\jdk-17
19-Jul-2024 13:44:31.759 INFO [main] org.apache.catalina.startup.VersionLoggerListener.log JVM Version:           17.0.12+8-LTS-286
19-Jul-2024 13:44:31.759 INFO [main] org.apache.catalina.startup.VersionLoggerListener.log JVM Vendor:            Oracle Corporation
19-Jul-2024 13:44:31.759 INFO [main] org.apache.catalina.startup.VersionLoggerListener.log CATALINA_BASE:         E:\Waggle\waggleserver\Tomcat_10.1
19-Jul-2024 13:44:31.759 INFO [main] org.apache.catalina.startup.VersionLoggerListener.log CATALINA_HOME:         E:\Waggle\waggleserver\Tomcat_10.1
19-Jul-2024 13:44:31.767 INFO [main] org.apache.catalina.startup.VersionLoggerListener.log Command line argument: -Djava.util.logging.config.file=E:\Waggle\waggleserver\Tomcat_10.1\conf\logging.properties
19-Jul-2024 13:44:31.768 INFO [main] org.apache.catalina.startup.VersionLoggerListener.log Command line argument: -Djava.util.logging.manager=org.apache.juli.ClassLoaderLogManager
19-Jul-2024 13:44:31.768 INFO [main] org.apache.catalina.startup.VersionLoggerListener.log Command line argument: -Djdk.tls.ephemeralDHKeySize=2048
19-Jul-2024 13:44:31.768 INFO [main] org.apache.catalina.startup.VersionLoggerListener.log Command line argument: -Djava.protocol.handler.pkgs=org.apache.catalina.webresources
19-Jul-2024 13:44:31.768 INFO [main] org.apache.catalina.startup.VersionLoggerListener.log Command line argument: --add-opens=java.base/java.lang=ALL-UNNAMED
19-Jul-2024 13:44:31.768 INFO [main] org.apache.catalina.startup.VersionLoggerListener.log Command line argument: --add-opens=java.base/java.io=ALL-UNNAMED
19-Jul-2024 13:44:31.769 INFO [main] org.apache.catalina.startup.VersionLoggerListener.log Command line argument: --add-opens=java.base/java.util=ALL-UNNAMED
19-Jul-2024 13:44:31.769 INFO [main] org.apache.catalina.startup.VersionLoggerListener.log Command line argument: --add-opens=java.base/java.util.concurrent=ALL-UNNAMED
19-Jul-2024 13:44:31.769 INFO [main] org.apache.catalina.startup.VersionLoggerListener.log Command line argument: --add-opens=java.rmi/sun.rmi.transport=ALL-UNNAMED
19-Jul-2024 13:44:31.769 INFO [main] org.apache.catalina.startup.VersionLoggerListener.log Command line argument: -Dcatalina.base=E:\Waggle\waggleserver\Tomcat_10.1
19-Jul-2024 13:44:31.769 INFO [main] org.apache.catalina.startup.VersionLoggerListener.log Command line argument: -Dcatalina.home=E:\Waggle\waggleserver\Tomcat_10.1
19-Jul-2024 13:44:31.770 INFO [main] org.apache.catalina.startup.VersionLoggerListener.log Command line argument: -Djava.io.tmpdir=E:\Waggle\waggleserver\Tomcat_10.1\temp
19-Jul-2024 13:44:31.782 INFO [main] org.apache.catalina.core.AprLifecycleListener.lifecycleEvent The Apache Tomcat Native library which allows using OpenSSL was not found on the java.library.path: [C:\Program Files\Java\jdk-17\bin;C:\Windows\Sun\Java\bin;C:\Windows\system32;C:\Windows;C:\Program Files\Common Files\Oracle\Java\javapath;C:\Program Files\Python39\Scripts\;C:\Program Files\Python39\;C:\Program Files\Python37\Scripts\;C:\Program Files\Python37\;C:\Windows\system32;C:\Windows;C:\Windows\System32\Wbem;C:\Windows\System32\WindowsPowerShell\v1.0\;C:\Windows\System32\OpenSSH\;C:\flutter\bin\;C:\Program Files\dotnet\;C:\Program Files\Java\jdk-19\bin;C:\Windows\System32\WindowsPowerShell\v1.0;C:\Program Files\Java\jdk1.8.0_202\bin;C:\Program Files\MySQL\MySQL Server 5.7\bin;C:\apache-maven-3.9.6\bin;C:\Program Files\PuTTY\;C:\Users\Asus\AppData\Roaming\nvm;C:\Program Files\nodejs;C:\Program Files\MySQL\MySQL Shell 8.0\bin\;C:\Users\Asus\AppData\Local\Programs\Python\Python39\Scripts\;C:\Users\Asus\AppData\Local\Programs\Python\Python39\;C:\Users\Asus\AppData\Local\Microsoft\WindowsApps;C:\flutter\bin;C:\Users\Asus\.dotnet\tools;C:\Users\Asus\AppData\Local\Programs\Microsoft VS Code\bin;C:\Users\Asus\AppData\Roaming\nvm;C:\Program Files\nodejs;C:\Program Files\MySQL\MySQL Server 8.0\bin;C:\Users\Asus\AppData\Local\GitHubDesktop\bin;.]
19-Jul-2024 13:44:31.988 INFO [main] org.apache.coyote.AbstractProtocol.init Initializing ProtocolHandler ["http-nio-8282"]
19-Jul-2024 13:44:32.012 INFO [main] org.apache.catalina.startup.Catalina.load Server initialization in [419] milliseconds
19-Jul-2024 13:44:32.058 INFO [main] org.apache.catalina.core.StandardService.startInternal Starting service [Catalina]
19-Jul-2024 13:44:32.058 INFO [main] org.apache.catalina.core.StandardEngine.startInternal Starting Servlet engine: [Apache Tomcat/10.1.9]
19-Jul-2024 13:44:32.077 INFO [main] org.apache.catalina.startup.HostConfig.deployDescriptor Deploying deployment descriptor [E:\Waggle\waggleserver\Tomcat_10.1\conf\Catalina\localhost\inventory.xml]
19-Jul-2024 13:44:32.099 WARNING [main] org.apache.catalina.startup.HostConfig.deployDescriptor The path attribute with value [/inventory] in deployment descriptor [E:\Waggle\waggleserver\Tomcat_10.1\conf\Catalina\localhost\inventory.xml] has been ignored
19-Jul-2024 13:44:35.330 INFO [main] org.apache.jasper.servlet.TldScanner.scanJars At least one JAR was scanned for TLDs yet contained no TLDs. Enable debug logging for this logger for a complete list of JARs that were scanned but no TLDs were found in them. Skipping unneeded JARs during scanning can improve startup time and JSP compilation time.
19-Jul-2024 13:44:35.786 WARNING [main] org.glassfish.jersey.server.wadl.WadlFeature.configure JAXBContext implementation could not be found. WADL feature is disabled.
19-Jul-2024 13:44:36.738 INFO [main] org.apache.catalina.startup.HostConfig.deployDescriptor Deployment of deployment descriptor [E:\Waggle\waggleserver\Tomcat_10.1\conf\Catalina\localhost\inventory.xml] has finished in [4,660] ms
19-Jul-2024 13:44:36.738 INFO [main] org.apache.catalina.startup.HostConfig.deployDescriptor Deploying deployment descriptor [E:\Waggle\waggleserver\Tomcat_10.1\conf\Catalina\localhost\waggle.xml]
19-Jul-2024 13:44:36.740 WARNING [main] org.apache.catalina.startup.HostConfig.deployDescriptor The path attribute with value [/waggle] in deployment descriptor [E:\Waggle\waggleserver\Tomcat_10.1\conf\Catalina\localhost\waggle.xml] has been ignored
19-Jul-2024 13:44:38.631 INFO [main] org.apache.jasper.servlet.TldScanner.scanJars At least one JAR was scanned for TLDs yet contained no TLDs. Enable debug logging for this logger for a complete list of JARs that were scanned but no TLDs were found in them. Skipping unneeded JARs during scanning can improve startup time and JSP compilation time.
19-Jul-2024 13:44:38.906 WARNING [main] org.glassfish.jersey.server.wadl.WadlFeature.configure JAXBContext implementation could not be found. WADL feature is disabled.
19-Jul-2024 13:44:39.404 INFO [main] org.apache.catalina.startup.HostConfig.deployDescriptor Deployment of deployment descriptor [E:\Waggle\waggleserver\Tomcat_10.1\conf\Catalina\localhost\waggle.xml] has finished in [2,666] ms
19-Jul-2024 13:44:39.405 INFO [main] org.apache.catalina.startup.HostConfig.deployDirectory Deploying web application directory [E:\Waggle\waggleserver\Tomcat_10.1\webapps\docs]
19-Jul-2024 13:44:39.620 INFO [main] org.apache.jasper.servlet.TldScanner.scanJars At least one JAR was scanned for TLDs yet contained no TLDs. Enable debug logging for this logger for a complete list of JARs that were scanned but no TLDs were found in them. Skipping unneeded JARs during scanning can improve startup time and JSP compilation time.
19-Jul-2024 13:44:39.622 INFO [main] org.apache.catalina.startup.HostConfig.deployDirectory Deployment of web application directory [E:\Waggle\waggleserver\Tomcat_10.1\webapps\docs] has finished in [216] ms
19-Jul-2024 13:44:39.622 INFO [main] org.apache.catalina.startup.HostConfig.deployDirectory Deploying web application directory [E:\Waggle\waggleserver\Tomcat_10.1\webapps\manager]
19-Jul-2024 13:44:39.822 INFO [main] org.apache.jasper.servlet.TldScanner.scanJars At least one JAR was scanned for TLDs yet contained no TLDs. Enable debug logging for this logger for a complete list of JARs that were scanned but no TLDs were found in them. Skipping unneeded JARs during scanning can improve startup time and JSP compilation time.
19-Jul-2024 13:44:39.855 INFO [main] org.apache.catalina.startup.HostConfig.deployDirectory Deployment of web application directory [E:\Waggle\waggleserver\Tomcat_10.1\webapps\manager] has finished in [232] ms
19-Jul-2024 13:44:39.855 INFO [main] org.apache.catalina.startup.HostConfig.deployDirectory Deploying web application directory [E:\Waggle\waggleserver\Tomcat_10.1\webapps\ROOT]
19-Jul-2024 13:44:40.050 INFO [main] org.apache.jasper.servlet.TldScanner.scanJars At least one JAR was scanned for TLDs yet contained no TLDs. Enable debug logging for this logger for a complete list of JARs that were scanned but no TLDs were found in them. Skipping unneeded JARs during scanning can improve startup time and JSP compilation time.
19-Jul-2024 13:44:40.053 INFO [main] org.apache.catalina.startup.HostConfig.deployDirectory Deployment of web application directory [E:\Waggle\waggleserver\Tomcat_10.1\webapps\ROOT] has finished in [198] ms
19-Jul-2024 13:44:40.057 INFO [main] org.apache.coyote.AbstractProtocol.start Starting ProtocolHandler ["http-nio-8282"]
19-Jul-2024 13:44:40.110 INFO [main] org.apache.catalina.startup.Catalina.start Server startup in [8096] milliseconds
19-Jul-2024 13:46:29.262 INFO [Catalina-utility-1] org.apache.catalina.startup.HostConfig.undeploy Undeploying context [/waggle]
19-Jul-2024 13:46:29.306 INFO [Catalina-utility-1] org.apache.catalina.startup.HostConfig.deployDescriptor Deploying deployment descriptor [E:\Waggle\waggleserver\Tomcat_10.1\conf\Catalina\localhost\waggle.xml]
19-Jul-2024 13:46:29.307 WARNING [Catalina-utility-1] org.apache.catalina.startup.HostConfig.deployDescriptor The path attribute with value [/waggle] in deployment descriptor [E:\Waggle\waggleserver\Tomcat_10.1\conf\Catalina\localhost\waggle.xml] has been ignored
19-Jul-2024 13:46:31.514 INFO [Catalina-utility-1] org.apache.jasper.servlet.TldScanner.scanJars At least one JAR was scanned for TLDs yet contained no TLDs. Enable debug logging for this logger for a complete list of JARs that were scanned but no TLDs were found in them. Skipping unneeded JARs during scanning can improve startup time and JSP compilation time.
19-Jul-2024 13:46:31.867 WARNING [Catalina-utility-1] org.glassfish.jersey.server.wadl.WadlFeature.configure JAXBContext implementation could not be found. WADL feature is disabled.
19-Jul-2024 13:46:36.854 INFO [Catalina-utility-1] org.apache.catalina.startup.HostConfig.deployDescriptor Deployment of deployment descriptor [E:\Waggle\waggleserver\Tomcat_10.1\conf\Catalina\localhost\waggle.xml] has finished in [7,549] ms
19-Jul-2024 15:47:00.204 INFO [main] org.apache.catalina.startup.VersionLoggerListener.log Server version name:   Apache Tomcat/10.1.9
19-Jul-2024 15:47:00.208 INFO [main] org.apache.catalina.startup.VersionLoggerListener.log Server built:          May 9 2023 14:30:05 UTC
19-Jul-2024 15:47:00.208 INFO [main] org.apache.catalina.startup.VersionLoggerListener.log Server version number: 10.1.9.0
19-Jul-2024 15:47:00.208 INFO [main] org.apache.catalina.startup.VersionLoggerListener.log OS Name:               Windows 10
19-Jul-2024 15:47:00.209 INFO [main] org.apache.catalina.startup.VersionLoggerListener.log OS Version:            10.0
19-Jul-2024 15:47:00.209 INFO [main] org.apache.catalina.startup.VersionLoggerListener.log Architecture:          amd64
19-Jul-2024 15:47:00.209 INFO [main] org.apache.catalina.startup.VersionLoggerListener.log Java Home:             C:\Program Files\Java\jdk-17
19-Jul-2024 15:47:00.209 INFO [main] org.apache.catalina.startup.VersionLoggerListener.log JVM Version:           17.0.12+8-LTS-286
19-Jul-2024 15:47:00.209 INFO [main] org.apache.catalina.startup.VersionLoggerListener.log JVM Vendor:            Oracle Corporation
19-Jul-2024 15:47:00.209 INFO [main] org.apache.catalina.startup.VersionLoggerListener.log CATALINA_BASE:         E:\Waggle\waggleserver\Tomcat_10.1
19-Jul-2024 15:47:00.209 INFO [main] org.apache.catalina.startup.VersionLoggerListener.log CATALINA_HOME:         E:\Waggle\waggleserver\Tomcat_10.1
19-Jul-2024 15:47:00.218 INFO [main] org.apache.catalina.startup.VersionLoggerListener.log Command line argument: -Djava.util.logging.config.file=E:\Waggle\waggleserver\Tomcat_10.1\conf\logging.properties
19-Jul-2024 15:47:00.219 INFO [main] org.apache.catalina.startup.VersionLoggerListener.log Command line argument: -Djava.util.logging.manager=org.apache.juli.ClassLoaderLogManager
19-Jul-2024 15:47:00.219 INFO [main] org.apache.catalina.startup.VersionLoggerListener.log Command line argument: -Djdk.tls.ephemeralDHKeySize=2048
19-Jul-2024 15:47:00.219 INFO [main] org.apache.catalina.startup.VersionLoggerListener.log Command line argument: -Djava.protocol.handler.pkgs=org.apache.catalina.webresources
19-Jul-2024 15:47:00.219 INFO [main] org.apache.catalina.startup.VersionLoggerListener.log Command line argument: --add-opens=java.base/java.lang=ALL-UNNAMED
19-Jul-2024 15:47:00.219 INFO [main] org.apache.catalina.startup.VersionLoggerListener.log Command line argument: --add-opens=java.base/java.io=ALL-UNNAMED
19-Jul-2024 15:47:00.220 INFO [main] org.apache.catalina.startup.VersionLoggerListener.log Command line argument: --add-opens=java.base/java.util=ALL-UNNAMED
19-Jul-2024 15:47:00.220 INFO [main] org.apache.catalina.startup.VersionLoggerListener.log Command line argument: --add-opens=java.base/java.util.concurrent=ALL-UNNAMED
19-Jul-2024 15:47:00.220 INFO [main] org.apache.catalina.startup.VersionLoggerListener.log Command line argument: --add-opens=java.rmi/sun.rmi.transport=ALL-UNNAMED
19-Jul-2024 15:47:00.220 INFO [main] org.apache.catalina.startup.VersionLoggerListener.log Command line argument: -Dcatalina.base=E:\Waggle\waggleserver\Tomcat_10.1
19-Jul-2024 15:47:00.224 INFO [main] org.apache.catalina.startup.VersionLoggerListener.log Command line argument: -Dcatalina.home=E:\Waggle\waggleserver\Tomcat_10.1
19-Jul-2024 15:47:00.225 INFO [main] org.apache.catalina.startup.VersionLoggerListener.log Command line argument: -Djava.io.tmpdir=E:\Waggle\waggleserver\Tomcat_10.1\temp
19-Jul-2024 15:47:00.233 INFO [main] org.apache.catalina.core.AprLifecycleListener.lifecycleEvent The Apache Tomcat Native library which allows using OpenSSL was not found on the java.library.path: [C:\Program Files\Java\jdk-17\bin;C:\Windows\Sun\Java\bin;C:\Windows\system32;C:\Windows;C:\Program Files\Common Files\Oracle\Java\javapath;C:\Program Files\Python39\Scripts\;C:\Program Files\Python39\;C:\Program Files\Python37\Scripts\;C:\Program Files\Python37\;C:\Windows\system32;C:\Windows;C:\Windows\System32\Wbem;C:\Windows\System32\WindowsPowerShell\v1.0\;C:\Windows\System32\OpenSSH\;C:\flutter\bin\;C:\Program Files\dotnet\;C:\Program Files\Java\jdk-19\bin;C:\Windows\System32\WindowsPowerShell\v1.0;C:\Program Files\Java\jdk1.8.0_202\bin;C:\Program Files\MySQL\MySQL Server 5.7\bin;C:\apache-maven-3.9.6\bin;C:\Program Files\PuTTY\;C:\Users\Asus\AppData\Roaming\nvm;C:\Program Files\nodejs;C:\Program Files\MySQL\MySQL Shell 8.0\bin\;C:\Users\Asus\AppData\Local\Programs\Python\Python39\Scripts\;C:\Users\Asus\AppData\Local\Programs\Python\Python39\;C:\Users\Asus\AppData\Local\Microsoft\WindowsApps;C:\flutter\bin;C:\Users\Asus\.dotnet\tools;C:\Users\Asus\AppData\Local\Programs\Microsoft VS Code\bin;C:\Users\Asus\AppData\Roaming\nvm;C:\Program Files\nodejs;C:\Program Files\MySQL\MySQL Server 8.0\bin;C:\Users\Asus\AppData\Local\GitHubDesktop\bin;.]
19-Jul-2024 15:47:00.449 INFO [main] org.apache.coyote.AbstractProtocol.init Initializing ProtocolHandler ["http-nio-8282"]
19-Jul-2024 15:47:00.476 INFO [main] org.apache.catalina.startup.Catalina.load Server initialization in [421] milliseconds
19-Jul-2024 15:47:00.516 INFO [main] org.apache.catalina.core.StandardService.startInternal Starting service [Catalina]
19-Jul-2024 15:47:00.516 INFO [main] org.apache.catalina.core.StandardEngine.startInternal Starting Servlet engine: [Apache Tomcat/10.1.9]
19-Jul-2024 15:47:00.532 INFO [main] org.apache.catalina.startup.HostConfig.deployDescriptor Deploying deployment descriptor [E:\Waggle\waggleserver\Tomcat_10.1\conf\Catalina\localhost\inventory.xml]
19-Jul-2024 15:47:00.549 WARNING [main] org.apache.catalina.startup.HostConfig.deployDescriptor The path attribute with value [/inventory] in deployment descriptor [E:\Waggle\waggleserver\Tomcat_10.1\conf\Catalina\localhost\inventory.xml] has been ignored
19-Jul-2024 15:47:03.399 INFO [main] org.apache.jasper.servlet.TldScanner.scanJars At least one JAR was scanned for TLDs yet contained no TLDs. Enable debug logging for this logger for a complete list of JARs that were scanned but no TLDs were found in them. Skipping unneeded JARs during scanning can improve startup time and JSP compilation time.
19-Jul-2024 15:47:03.852 WARNING [main] org.glassfish.jersey.server.wadl.WadlFeature.configure JAXBContext implementation could not be found. WADL feature is disabled.
19-Jul-2024 15:47:04.728 INFO [main] org.apache.catalina.startup.HostConfig.deployDescriptor Deployment of deployment descriptor [E:\Waggle\waggleserver\Tomcat_10.1\conf\Catalina\localhost\inventory.xml] has finished in [4,195] ms
19-Jul-2024 15:47:04.728 INFO [main] org.apache.catalina.startup.HostConfig.deployDescriptor Deploying deployment descriptor [E:\Waggle\waggleserver\Tomcat_10.1\conf\Catalina\localhost\waggle.xml]
19-Jul-2024 15:47:04.730 WARNING [main] org.apache.catalina.startup.HostConfig.deployDescriptor The path attribute with value [/waggle] in deployment descriptor [E:\Waggle\waggleserver\Tomcat_10.1\conf\Catalina\localhost\waggle.xml] has been ignored
19-Jul-2024 15:47:06.913 INFO [main] org.apache.jasper.servlet.TldScanner.scanJars At least one JAR was scanned for TLDs yet contained no TLDs. Enable debug logging for this logger for a complete list of JARs that were scanned but no TLDs were found in them. Skipping unneeded JARs during scanning can improve startup time and JSP compilation time.
19-Jul-2024 15:47:07.185 WARNING [main] org.glassfish.jersey.server.wadl.WadlFeature.configure JAXBContext implementation could not be found. WADL feature is disabled.
19-Jul-2024 15:47:07.808 INFO [main] org.apache.catalina.startup.HostConfig.deployDescriptor Deployment of deployment descriptor [E:\Waggle\waggleserver\Tomcat_10.1\conf\Catalina\localhost\waggle.xml] has finished in [3,080] ms
19-Jul-2024 15:47:07.809 INFO [main] org.apache.catalina.startup.HostConfig.deployDirectory Deploying web application directory [E:\Waggle\waggleserver\Tomcat_10.1\webapps\docs]
19-Jul-2024 15:47:08.008 INFO [main] org.apache.jasper.servlet.TldScanner.scanJars At least one JAR was scanned for TLDs yet contained no TLDs. Enable debug logging for this logger for a complete list of JARs that were scanned but no TLDs were found in them. Skipping unneeded JARs during scanning can improve startup time and JSP compilation time.
19-Jul-2024 15:47:08.011 INFO [main] org.apache.catalina.startup.HostConfig.deployDirectory Deployment of web application directory [E:\Waggle\waggleserver\Tomcat_10.1\webapps\docs] has finished in [202] ms
19-Jul-2024 15:47:08.011 INFO [main] org.apache.catalina.startup.HostConfig.deployDirectory Deploying web application directory [E:\Waggle\waggleserver\Tomcat_10.1\webapps\manager]
19-Jul-2024 15:47:08.231 INFO [main] org.apache.jasper.servlet.TldScanner.scanJars At least one JAR was scanned for TLDs yet contained no TLDs. Enable debug logging for this logger for a complete list of JARs that were scanned but no TLDs were found in them. Skipping unneeded JARs during scanning can improve startup time and JSP compilation time.
19-Jul-2024 15:47:08.238 INFO [main] org.apache.catalina.startup.HostConfig.deployDirectory Deployment of web application directory [E:\Waggle\waggleserver\Tomcat_10.1\webapps\manager] has finished in [227] ms
19-Jul-2024 15:47:08.239 INFO [main] org.apache.catalina.startup.HostConfig.deployDirectory Deploying web application directory [E:\Waggle\waggleserver\Tomcat_10.1\webapps\ROOT]
19-Jul-2024 15:47:08.427 INFO [main] org.apache.jasper.servlet.TldScanner.scanJars At least one JAR was scanned for TLDs yet contained no TLDs. Enable debug logging for this logger for a complete list of JARs that were scanned but no TLDs were found in them. Skipping unneeded JARs during scanning can improve startup time and JSP compilation time.
19-Jul-2024 15:47:08.430 INFO [main] org.apache.catalina.startup.HostConfig.deployDirectory Deployment of web application directory [E:\Waggle\waggleserver\Tomcat_10.1\webapps\ROOT] has finished in [191] ms
19-Jul-2024 15:47:08.434 INFO [main] org.apache.coyote.AbstractProtocol.start Starting ProtocolHandler ["http-nio-8282"]
19-Jul-2024 15:47:08.509 INFO [main] org.apache.catalina.startup.Catalina.start Server startup in [8032] milliseconds
19-Jul-2024 17:20:49.762 INFO [main] org.apache.catalina.startup.VersionLoggerListener.log Server version name:   Apache Tomcat/10.1.9
19-Jul-2024 17:20:49.771 INFO [main] org.apache.catalina.startup.VersionLoggerListener.log Server built:          May 9 2023 14:30:05 UTC
19-Jul-2024 17:20:49.771 INFO [main] org.apache.catalina.startup.VersionLoggerListener.log Server version number: 10.1.9.0
19-Jul-2024 17:20:49.771 INFO [main] org.apache.catalina.startup.VersionLoggerListener.log OS Name:               Windows 10
19-Jul-2024 17:20:49.771 INFO [main] org.apache.catalina.startup.VersionLoggerListener.log OS Version:            10.0
19-Jul-2024 17:20:49.771 INFO [main] org.apache.catalina.startup.VersionLoggerListener.log Architecture:          amd64
19-Jul-2024 17:20:49.771 INFO [main] org.apache.catalina.startup.VersionLoggerListener.log Java Home:             C:\Program Files\Java\jdk-17
19-Jul-2024 17:20:49.771 INFO [main] org.apache.catalina.startup.VersionLoggerListener.log JVM Version:           17.0.12+8-LTS-286
19-Jul-2024 17:20:49.771 INFO [main] org.apache.catalina.startup.VersionLoggerListener.log JVM Vendor:            Oracle Corporation
19-Jul-2024 17:20:49.771 INFO [main] org.apache.catalina.startup.VersionLoggerListener.log CATALINA_BASE:         E:\Waggle\waggleserver\Tomcat_10.1
19-Jul-2024 17:20:49.771 INFO [main] org.apache.catalina.startup.VersionLoggerListener.log CATALINA_HOME:         E:\Waggle\waggleserver\Tomcat_10.1
19-Jul-2024 17:20:49.782 INFO [main] org.apache.catalina.startup.VersionLoggerListener.log Command line argument: -Djava.util.logging.config.file=E:\Waggle\waggleserver\Tomcat_10.1\conf\logging.properties
19-Jul-2024 17:20:49.782 INFO [main] org.apache.catalina.startup.VersionLoggerListener.log Command line argument: -Djava.util.logging.manager=org.apache.juli.ClassLoaderLogManager
19-Jul-2024 17:20:49.782 INFO [main] org.apache.catalina.startup.VersionLoggerListener.log Command line argument: -Djdk.tls.ephemeralDHKeySize=2048
19-Jul-2024 17:20:49.782 INFO [main] org.apache.catalina.startup.VersionLoggerListener.log Command line argument: -Djava.protocol.handler.pkgs=org.apache.catalina.webresources
19-Jul-2024 17:20:49.782 INFO [main] org.apache.catalina.startup.VersionLoggerListener.log Command line argument: --add-opens=java.base/java.lang=ALL-UNNAMED
19-Jul-2024 17:20:49.782 INFO [main] org.apache.catalina.startup.VersionLoggerListener.log Command line argument: --add-opens=java.base/java.io=ALL-UNNAMED
19-Jul-2024 17:20:49.782 INFO [main] org.apache.catalina.startup.VersionLoggerListener.log Command line argument: --add-opens=java.base/java.util=ALL-UNNAMED
19-Jul-2024 17:20:49.782 INFO [main] org.apache.catalina.startup.VersionLoggerListener.log Command line argument: --add-opens=java.base/java.util.concurrent=ALL-UNNAMED
19-Jul-2024 17:20:49.782 INFO [main] org.apache.catalina.startup.VersionLoggerListener.log Command line argument: --add-opens=java.rmi/sun.rmi.transport=ALL-UNNAMED
19-Jul-2024 17:20:49.782 INFO [main] org.apache.catalina.startup.VersionLoggerListener.log Command line argument: -Dcatalina.base=E:\Waggle\waggleserver\Tomcat_10.1
19-Jul-2024 17:20:49.782 INFO [main] org.apache.catalina.startup.VersionLoggerListener.log Command line argument: -Dcatalina.home=E:\Waggle\waggleserver\Tomcat_10.1
19-Jul-2024 17:20:49.782 INFO [main] org.apache.catalina.startup.VersionLoggerListener.log Command line argument: -Djava.io.tmpdir=E:\Waggle\waggleserver\Tomcat_10.1\temp
19-Jul-2024 17:20:49.805 INFO [main] org.apache.catalina.core.AprLifecycleListener.lifecycleEvent The Apache Tomcat Native library which allows using OpenSSL was not found on the java.library.path: [C:\Program Files\Java\jdk-17\bin;C:\Windows\Sun\Java\bin;C:\Windows\system32;C:\Windows;C:\Program Files\Common Files\Oracle\Java\javapath;C:\Program Files\Python39\Scripts\;C:\Program Files\Python39\;C:\Program Files\Python37\Scripts\;C:\Program Files\Python37\;C:\Windows\system32;C:\Windows;C:\Windows\System32\Wbem;C:\Windows\System32\WindowsPowerShell\v1.0\;C:\Windows\System32\OpenSSH\;C:\flutter\bin\;C:\Program Files\dotnet\;C:\Program Files\Java\jdk-19\bin;C:\Windows\System32\WindowsPowerShell\v1.0;C:\Program Files\Java\jdk1.8.0_202\bin;C:\Program Files\MySQL\MySQL Server 5.7\bin;C:\apache-maven-3.9.6\bin;C:\Program Files\PuTTY\;C:\Users\Asus\AppData\Roaming\nvm;C:\Program Files\nodejs;C:\Program Files\MySQL\MySQL Shell 8.0\bin\;C:\Users\Asus\AppData\Local\Programs\Python\Python39\Scripts\;C:\Users\Asus\AppData\Local\Programs\Python\Python39\;C:\Users\Asus\AppData\Local\Microsoft\WindowsApps;C:\flutter\bin;C:\Users\Asus\.dotnet\tools;C:\Users\Asus\AppData\Local\Programs\Microsoft VS Code\bin;C:\Users\Asus\AppData\Roaming\nvm;C:\Program Files\nodejs;C:\Program Files\MySQL\MySQL Server 8.0\bin;C:\Users\Asus\AppData\Local\GitHubDesktop\bin;.]
19-Jul-2024 17:20:50.004 INFO [main] org.apache.coyote.AbstractProtocol.init Initializing ProtocolHandler ["http-nio-8282"]
19-Jul-2024 17:20:50.028 INFO [main] org.apache.catalina.startup.Catalina.load Server initialization in [415] milliseconds
19-Jul-2024 17:20:50.073 INFO [main] org.apache.catalina.core.StandardService.startInternal Starting service [Catalina]
19-Jul-2024 17:20:50.074 INFO [main] org.apache.catalina.core.StandardEngine.startInternal Starting Servlet engine: [Apache Tomcat/10.1.9]
19-Jul-2024 17:20:50.093 INFO [main] org.apache.catalina.startup.HostConfig.deployDescriptor Deploying deployment descriptor [E:\Waggle\waggleserver\Tomcat_10.1\conf\Catalina\localhost\inventory.xml]
19-Jul-2024 17:20:50.114 WARNING [main] org.apache.catalina.startup.HostConfig.deployDescriptor The path attribute with value [/inventory] in deployment descriptor [E:\Waggle\waggleserver\Tomcat_10.1\conf\Catalina\localhost\inventory.xml] has been ignored
19-Jul-2024 17:20:53.237 INFO [main] org.apache.jasper.servlet.TldScanner.scanJars At least one JAR was scanned for TLDs yet contained no TLDs. Enable debug logging for this logger for a complete list of JARs that were scanned but no TLDs were found in them. Skipping unneeded JARs during scanning can improve startup time and JSP compilation time.
19-Jul-2024 17:20:53.852 WARNING [main] org.glassfish.jersey.server.wadl.WadlFeature.configure JAXBContext implementation could not be found. WADL feature is disabled.
19-Jul-2024 17:20:54.760 INFO [main] org.apache.catalina.startup.HostConfig.deployDescriptor Deployment of deployment descriptor [E:\Waggle\waggleserver\Tomcat_10.1\conf\Catalina\localhost\inventory.xml] has finished in [4,667] ms
19-Jul-2024 17:20:54.761 INFO [main] org.apache.catalina.startup.HostConfig.deployDescriptor Deploying deployment descriptor [E:\Waggle\waggleserver\Tomcat_10.1\conf\Catalina\localhost\waggle.xml]
19-Jul-2024 17:20:54.762 WARNING [main] org.apache.catalina.startup.HostConfig.deployDescriptor The path attribute with value [/waggle] in deployment descriptor [E:\Waggle\waggleserver\Tomcat_10.1\conf\Catalina\localhost\waggle.xml] has been ignored
19-Jul-2024 17:20:57.064 INFO [main] org.apache.jasper.servlet.TldScanner.scanJars At least one JAR was scanned for TLDs yet contained no TLDs. Enable debug logging for this logger for a complete list of JARs that were scanned but no TLDs were found in them. Skipping unneeded JARs during scanning can improve startup time and JSP compilation time.
19-Jul-2024 17:20:57.320 WARNING [main] org.glassfish.jersey.server.wadl.WadlFeature.configure JAXBContext implementation could not be found. WADL feature is disabled.
19-Jul-2024 17:20:57.830 INFO [main] org.apache.catalina.startup.HostConfig.deployDescriptor Deployment of deployment descriptor [E:\Waggle\waggleserver\Tomcat_10.1\conf\Catalina\localhost\waggle.xml] has finished in [3,069] ms
19-Jul-2024 17:20:57.831 INFO [main] org.apache.catalina.startup.HostConfig.deployDirectory Deploying web application directory [E:\Waggle\waggleserver\Tomcat_10.1\webapps\docs]
19-Jul-2024 17:20:58.031 INFO [main] org.apache.jasper.servlet.TldScanner.scanJars At least one JAR was scanned for TLDs yet contained no TLDs. Enable debug logging for this logger for a complete list of JARs that were scanned but no TLDs were found in them. Skipping unneeded JARs during scanning can improve startup time and JSP compilation time.
19-Jul-2024 17:20:58.033 INFO [main] org.apache.catalina.startup.HostConfig.deployDirectory Deployment of web application directory [E:\Waggle\waggleserver\Tomcat_10.1\webapps\docs] has finished in [201] ms
19-Jul-2024 17:20:58.033 INFO [main] org.apache.catalina.startup.HostConfig.deployDirectory Deploying web application directory [E:\Waggle\waggleserver\Tomcat_10.1\webapps\manager]
19-Jul-2024 17:20:58.267 INFO [main] org.apache.jasper.servlet.TldScanner.scanJars At least one JAR was scanned for TLDs yet contained no TLDs. Enable debug logging for this logger for a complete list of JARs that were scanned but no TLDs were found in them. Skipping unneeded JARs during scanning can improve startup time and JSP compilation time.
19-Jul-2024 17:20:58.277 INFO [main] org.apache.catalina.startup.HostConfig.deployDirectory Deployment of web application directory [E:\Waggle\waggleserver\Tomcat_10.1\webapps\manager] has finished in [244] ms
19-Jul-2024 17:20:58.277 INFO [main] org.apache.catalina.startup.HostConfig.deployDirectory Deploying web application directory [E:\Waggle\waggleserver\Tomcat_10.1\webapps\ROOT]
19-Jul-2024 17:20:58.465 INFO [main] org.apache.jasper.servlet.TldScanner.scanJars At least one JAR was scanned for TLDs yet contained no TLDs. Enable debug logging for this logger for a complete list of JARs that were scanned but no TLDs were found in them. Skipping unneeded JARs during scanning can improve startup time and JSP compilation time.
19-Jul-2024 17:20:58.465 INFO [main] org.apache.catalina.startup.HostConfig.deployDirectory Deployment of web application directory [E:\Waggle\waggleserver\Tomcat_10.1\webapps\ROOT] has finished in [188] ms
19-Jul-2024 17:20:58.465 INFO [main] org.apache.coyote.AbstractProtocol.start Starting ProtocolHandler ["http-nio-8282"]
19-Jul-2024 17:20:58.552 INFO [main] org.apache.catalina.startup.Catalina.start Server startup in [8522] milliseconds
