19-Jul-2024 12:19:19.972 SEVERE [main] org.apache.tomcat.util.descriptor.web.SecurityConstraint.findUncoveredHttpMethods For security constraints with URL pattern [*.view] only the HTTP methods [POST GET PUT] are covered. All other methods are uncovered.
19-Jul-2024 12:19:19.972 SEVERE [main] org.apache.tomcat.util.descriptor.web.SecurityConstraint.findUncoveredHttpMethods For security constraints with URL pattern [*.jsp] only the HTTP methods [POST GET PUT] are covered. All other methods are uncovered.
19-Jul-2024 12:19:19.972 SEVERE [main] org.apache.tomcat.util.descriptor.web.SecurityConstraint.findUncoveredHttpMethods For security constraints with URL pattern [/touchbill/*] only the HTTP methods [POST GET PUT] are covered. All other methods are uncovered.
19-Jul-2024 12:19:19.973 SEVERE [main] org.apache.tomcat.util.descriptor.web.SecurityConstraint.findUncoveredHttpMethods For security constraints with URL pattern [*.do] only the HTTP methods [POST GET PUT] are covered. All other methods are uncovered.
19-Jul-2024 12:19:25.693 SEVERE [main] org.apache.tomcat.util.descriptor.web.SecurityConstraint.findUncoveredHttpMethods For security constraints with URL pattern [*.view] only the HTTP methods [POST GET PUT] are covered. All other methods are uncovered.
19-Jul-2024 12:19:25.693 SEVERE [main] org.apache.tomcat.util.descriptor.web.SecurityConstraint.findUncoveredHttpMethods For security constraints with URL pattern [*.jsp] only the HTTP methods [POST GET PUT] are covered. All other methods are uncovered.
19-Jul-2024 12:19:25.693 SEVERE [main] org.apache.tomcat.util.descriptor.web.SecurityConstraint.findUncoveredHttpMethods For security constraints with URL pattern [*.do] only the HTTP methods [POST GET PUT] are covered. All other methods are uncovered.
19-Jul-2024 12:32:15.315 SEVERE [main] org.apache.tomcat.util.descriptor.web.SecurityConstraint.findUncoveredHttpMethods For security constraints with URL pattern [*.view] only the HTTP methods [POST GET PUT] are covered. All other methods are uncovered.
19-Jul-2024 12:32:15.315 SEVERE [main] org.apache.tomcat.util.descriptor.web.SecurityConstraint.findUncoveredHttpMethods For security constraints with URL pattern [*.jsp] only the HTTP methods [POST GET PUT] are covered. All other methods are uncovered.
19-Jul-2024 12:32:15.315 SEVERE [main] org.apache.tomcat.util.descriptor.web.SecurityConstraint.findUncoveredHttpMethods For security constraints with URL pattern [/touchbill/*] only the HTTP methods [POST GET PUT] are covered. All other methods are uncovered.
19-Jul-2024 12:32:15.315 SEVERE [main] org.apache.tomcat.util.descriptor.web.SecurityConstraint.findUncoveredHttpMethods For security constraints with URL pattern [*.do] only the HTTP methods [POST GET PUT] are covered. All other methods are uncovered.
19-Jul-2024 12:32:19.616 SEVERE [main] org.apache.tomcat.util.descriptor.web.SecurityConstraint.findUncoveredHttpMethods For security constraints with URL pattern [*.view] only the HTTP methods [POST GET PUT] are covered. All other methods are uncovered.
19-Jul-2024 12:32:19.616 SEVERE [main] org.apache.tomcat.util.descriptor.web.SecurityConstraint.findUncoveredHttpMethods For security constraints with URL pattern [*.jsp] only the HTTP methods [POST GET PUT] are covered. All other methods are uncovered.
19-Jul-2024 12:32:19.616 SEVERE [main] org.apache.tomcat.util.descriptor.web.SecurityConstraint.findUncoveredHttpMethods For security constraints with URL pattern [*.do] only the HTTP methods [POST GET PUT] are covered. All other methods are uncovered.
19-Jul-2024 12:32:35.153 SEVERE [main] org.apache.tomcat.util.descriptor.web.SecurityConstraint.findUncoveredHttpMethods For security constraints with URL pattern [*.view] only the HTTP methods [POST GET PUT] are covered. All other methods are uncovered.
19-Jul-2024 12:32:35.153 SEVERE [main] org.apache.tomcat.util.descriptor.web.SecurityConstraint.findUncoveredHttpMethods For security constraints with URL pattern [*.jsp] only the HTTP methods [POST GET PUT] are covered. All other methods are uncovered.
19-Jul-2024 12:32:35.154 SEVERE [main] org.apache.tomcat.util.descriptor.web.SecurityConstraint.findUncoveredHttpMethods For security constraints with URL pattern [/touchbill/*] only the HTTP methods [POST GET PUT] are covered. All other methods are uncovered.
19-Jul-2024 12:32:35.154 SEVERE [main] org.apache.tomcat.util.descriptor.web.SecurityConstraint.findUncoveredHttpMethods For security constraints with URL pattern [*.do] only the HTTP methods [POST GET PUT] are covered. All other methods are uncovered.
19-Jul-2024 12:32:38.084 SEVERE [main] org.apache.tomcat.util.descriptor.web.SecurityConstraint.findUncoveredHttpMethods For security constraints with URL pattern [*.view] only the HTTP methods [POST GET PUT] are covered. All other methods are uncovered.
19-Jul-2024 12:32:38.084 SEVERE [main] org.apache.tomcat.util.descriptor.web.SecurityConstraint.findUncoveredHttpMethods For security constraints with URL pattern [*.jsp] only the HTTP methods [POST GET PUT] are covered. All other methods are uncovered.
19-Jul-2024 12:32:38.084 SEVERE [main] org.apache.tomcat.util.descriptor.web.SecurityConstraint.findUncoveredHttpMethods For security constraints with URL pattern [*.do] only the HTTP methods [POST GET PUT] are covered. All other methods are uncovered.
19-Jul-2024 13:00:10.181 SEVERE [main] org.apache.tomcat.util.descriptor.web.SecurityConstraint.findUncoveredHttpMethods For security constraints with URL pattern [*.view] only the HTTP methods [POST GET PUT] are covered. All other methods are uncovered.
19-Jul-2024 13:00:10.181 SEVERE [main] org.apache.tomcat.util.descriptor.web.SecurityConstraint.findUncoveredHttpMethods For security constraints with URL pattern [*.jsp] only the HTTP methods [POST GET PUT] are covered. All other methods are uncovered.
19-Jul-2024 13:00:10.182 SEVERE [main] org.apache.tomcat.util.descriptor.web.SecurityConstraint.findUncoveredHttpMethods For security constraints with URL pattern [/touchbill/*] only the HTTP methods [POST GET PUT] are covered. All other methods are uncovered.
19-Jul-2024 13:00:10.182 SEVERE [main] org.apache.tomcat.util.descriptor.web.SecurityConstraint.findUncoveredHttpMethods For security constraints with URL pattern [*.do] only the HTTP methods [POST GET PUT] are covered. All other methods are uncovered.
19-Jul-2024 13:00:14.291 SEVERE [main] org.apache.tomcat.util.descriptor.web.SecurityConstraint.findUncoveredHttpMethods For security constraints with URL pattern [*.view] only the HTTP methods [POST GET PUT] are covered. All other methods are uncovered.
19-Jul-2024 13:00:14.291 SEVERE [main] org.apache.tomcat.util.descriptor.web.SecurityConstraint.findUncoveredHttpMethods For security constraints with URL pattern [*.jsp] only the HTTP methods [POST GET PUT] are covered. All other methods are uncovered.
19-Jul-2024 13:00:14.291 SEVERE [main] org.apache.tomcat.util.descriptor.web.SecurityConstraint.findUncoveredHttpMethods For security constraints with URL pattern [*.do] only the HTTP methods [POST GET PUT] are covered. All other methods are uncovered.
19-Jul-2024 13:44:11.725 SEVERE [Catalina-utility-2] org.apache.tomcat.util.descriptor.web.SecurityConstraint.findUncoveredHttpMethods For security constraints with URL pattern [*.view] only the HTTP methods [POST GET PUT] are covered. All other methods are uncovered.
19-Jul-2024 13:44:11.725 SEVERE [Catalina-utility-2] org.apache.tomcat.util.descriptor.web.SecurityConstraint.findUncoveredHttpMethods For security constraints with URL pattern [*.jsp] only the HTTP methods [POST GET PUT] are covered. All other methods are uncovered.
19-Jul-2024 13:44:11.725 SEVERE [Catalina-utility-2] org.apache.tomcat.util.descriptor.web.SecurityConstraint.findUncoveredHttpMethods For security constraints with URL pattern [*.do] only the HTTP methods [POST GET PUT] are covered. All other methods are uncovered.
19-Jul-2024 13:44:35.376 SEVERE [main] org.apache.tomcat.util.descriptor.web.SecurityConstraint.findUncoveredHttpMethods For security constraints with URL pattern [*.view] only the HTTP methods [POST GET PUT] are covered. All other methods are uncovered.
19-Jul-2024 13:44:35.376 SEVERE [main] org.apache.tomcat.util.descriptor.web.SecurityConstraint.findUncoveredHttpMethods For security constraints with URL pattern [*.jsp] only the HTTP methods [POST GET PUT] are covered. All other methods are uncovered.
19-Jul-2024 13:44:35.376 SEVERE [main] org.apache.tomcat.util.descriptor.web.SecurityConstraint.findUncoveredHttpMethods For security constraints with URL pattern [/touchbill/*] only the HTTP methods [POST GET PUT] are covered. All other methods are uncovered.
19-Jul-2024 13:44:35.376 SEVERE [main] org.apache.tomcat.util.descriptor.web.SecurityConstraint.findUncoveredHttpMethods For security constraints with URL pattern [*.do] only the HTTP methods [POST GET PUT] are covered. All other methods are uncovered.
19-Jul-2024 13:44:38.646 SEVERE [main] org.apache.tomcat.util.descriptor.web.SecurityConstraint.findUncoveredHttpMethods For security constraints with URL pattern [*.view] only the HTTP methods [POST GET PUT] are covered. All other methods are uncovered.
19-Jul-2024 13:44:38.646 SEVERE [main] org.apache.tomcat.util.descriptor.web.SecurityConstraint.findUncoveredHttpMethods For security constraints with URL pattern [*.jsp] only the HTTP methods [POST GET PUT] are covered. All other methods are uncovered.
19-Jul-2024 13:44:38.646 SEVERE [main] org.apache.tomcat.util.descriptor.web.SecurityConstraint.findUncoveredHttpMethods For security constraints with URL pattern [*.do] only the HTTP methods [POST GET PUT] are covered. All other methods are uncovered.
19-Jul-2024 13:46:31.538 SEVERE [Catalina-utility-1] org.apache.tomcat.util.descriptor.web.SecurityConstraint.findUncoveredHttpMethods For security constraints with URL pattern [*.view] only the HTTP methods [POST GET PUT] are covered. All other methods are uncovered.
19-Jul-2024 13:46:31.538 SEVERE [Catalina-utility-1] org.apache.tomcat.util.descriptor.web.SecurityConstraint.findUncoveredHttpMethods For security constraints with URL pattern [*.jsp] only the HTTP methods [POST GET PUT] are covered. All other methods are uncovered.
19-Jul-2024 13:46:31.539 SEVERE [Catalina-utility-1] org.apache.tomcat.util.descriptor.web.SecurityConstraint.findUncoveredHttpMethods For security constraints with URL pattern [*.do] only the HTTP methods [POST GET PUT] are covered. All other methods are uncovered.
19-Jul-2024 15:47:03.442 SEVERE [main] org.apache.tomcat.util.descriptor.web.SecurityConstraint.findUncoveredHttpMethods For security constraints with URL pattern [*.view] only the HTTP methods [POST GET PUT] are covered. All other methods are uncovered.
19-Jul-2024 15:47:03.442 SEVERE [main] org.apache.tomcat.util.descriptor.web.SecurityConstraint.findUncoveredHttpMethods For security constraints with URL pattern [*.jsp] only the HTTP methods [POST GET PUT] are covered. All other methods are uncovered.
19-Jul-2024 15:47:03.442 SEVERE [main] org.apache.tomcat.util.descriptor.web.SecurityConstraint.findUncoveredHttpMethods For security constraints with URL pattern [/touchbill/*] only the HTTP methods [POST GET PUT] are covered. All other methods are uncovered.
19-Jul-2024 15:47:03.442 SEVERE [main] org.apache.tomcat.util.descriptor.web.SecurityConstraint.findUncoveredHttpMethods For security constraints with URL pattern [*.do] only the HTTP methods [POST GET PUT] are covered. All other methods are uncovered.
19-Jul-2024 15:47:06.929 SEVERE [main] org.apache.tomcat.util.descriptor.web.SecurityConstraint.findUncoveredHttpMethods For security constraints with URL pattern [*.view] only the HTTP methods [POST GET PUT] are covered. All other methods are uncovered.
19-Jul-2024 15:47:06.929 SEVERE [main] org.apache.tomcat.util.descriptor.web.SecurityConstraint.findUncoveredHttpMethods For security constraints with URL pattern [*.jsp] only the HTTP methods [POST GET PUT] are covered. All other methods are uncovered.
19-Jul-2024 15:47:06.929 SEVERE [main] org.apache.tomcat.util.descriptor.web.SecurityConstraint.findUncoveredHttpMethods For security constraints with URL pattern [*.do] only the HTTP methods [POST GET PUT] are covered. All other methods are uncovered.
19-Jul-2024 17:20:53.284 SEVERE [main] org.apache.tomcat.util.descriptor.web.SecurityConstraint.findUncoveredHttpMethods For security constraints with URL pattern [*.view] only the HTTP methods [POST GET PUT] are covered. All other methods are uncovered.
19-Jul-2024 17:20:53.284 SEVERE [main] org.apache.tomcat.util.descriptor.web.SecurityConstraint.findUncoveredHttpMethods For security constraints with URL pattern [*.jsp] only the HTTP methods [POST GET PUT] are covered. All other methods are uncovered.
19-Jul-2024 17:20:53.284 SEVERE [main] org.apache.tomcat.util.descriptor.web.SecurityConstraint.findUncoveredHttpMethods For security constraints with URL pattern [/touchbill/*] only the HTTP methods [POST GET PUT] are covered. All other methods are uncovered.
19-Jul-2024 17:20:53.284 SEVERE [main] org.apache.tomcat.util.descriptor.web.SecurityConstraint.findUncoveredHttpMethods For security constraints with URL pattern [*.do] only the HTTP methods [POST GET PUT] are covered. All other methods are uncovered.
19-Jul-2024 17:20:57.077 SEVERE [main] org.apache.tomcat.util.descriptor.web.SecurityConstraint.findUncoveredHttpMethods For security constraints with URL pattern [*.view] only the HTTP methods [POST GET PUT] are covered. All other methods are uncovered.
19-Jul-2024 17:20:57.078 SEVERE [main] org.apache.tomcat.util.descriptor.web.SecurityConstraint.findUncoveredHttpMethods For security constraints with URL pattern [*.jsp] only the HTTP methods [POST GET PUT] are covered. All other methods are uncovered.
19-Jul-2024 17:20:57.078 SEVERE [main] org.apache.tomcat.util.descriptor.web.SecurityConstraint.findUncoveredHttpMethods For security constraints with URL pattern [*.do] only the HTTP methods [POST GET PUT] are covered. All other methods are uncovered.
